Item_ID = MLA912271216
Title =  Apc Smart-ups Rc Src1ki-ar 1000va Con Entrada Y Salida De 230v  Negro
Category_ID = MLA1720
Category_name = UPS
****************************-
Item_ID = MLA912269991
Title =  Apc Back-ups Pro 900 Br900g-ar 900va Con Entrada Y Salida De 230v  Negro
Category_ID = MLA1720
Category_name = UPS
****************************-
Item_ID = MLA863267784
Title = Monitor Dell Professional P2018h Led 20  Negro 100v/240v
Category_ID = MLA14407
Category_name = Monitores
****************************-
Item_ID = MLA913997022
Title = Notebook Dell Vostro 3490 Negra 14 , Intel Core I5 10210u 8gb De Ram 1tb Hdd, Intel Uhd Graphics 60 Hz 1366x768px Windows 10 Pro
Category_ID = MLA1652
Category_name = Notebooks
****************************-
Item_ID = MLA914895665
Title = Notebook Dell Vostro 3490 Negra 14 , Intel Core I5 10210u 4gb De Ram 1tb Hdd, Intel Hd Graphics 60 Hz 1366x768px Windows 10 Pro
Category_ID = MLA1652
Category_name = Notebooks
****************************-
Item_ID = MLA914765154
Title =  Apc Back-ups Bx550ci-ar 550va Con Entrada Y Salida De 230v  Negro
Category_ID = MLA1720
Category_name = UPS
****************************-
Item_ID = MLA843116615
Title = Monitor Dell P2419h Led 24  Negro 100v/240v
Category_ID = MLA14407
Category_name = Monitores
****************************-
Item_ID = MLA912269713
Title =  Apc Back-ups Pro 1200 Br1200g-ar 1200va Con Entrada Y Salida De 230v  Negro
Category_ID = MLA1720
Category_name = UPS
****************************-
Item_ID = MLA874472550
Title = Router Linksys Ea-series Ea6100  Negro 100v/240v
Category_ID = MLA430901
Category_name = Routers
****************************-
Item_ID = MLA870594510
Title = Access Point, Router Linksys Max-stream Ea7300  Negro 100v/240v
Category_ID = MLA430901
Category_name = Routers
****************************-
Item_ID = MLA912270438
Title =  Apc Back-ups Bx1100ci-ar 1100va Con Entrada Y Salida De 230v  Negro
Category_ID = MLA1720
Category_name = UPS
****************************-
Item_ID = MLA907606600
Title = Impresora Lexmark B2338dw Con Wifi 220v Gris Y Blanca
Category_ID = MLA1676
Category_name = Impresoras
****************************-
Item_ID = MLA914633882
Title = Access Point Interior Cisco 100 Series Wap150  Blanco
Category_ID = MLA430901
Category_name = Routers
****************************-
Item_ID = MLA876794922
Title = Impresora  Multifunción Lexmark Mb2546adwe Con Wifi 220v Gris Y Blanca
Category_ID = MLA1676
Category_name = Impresoras
****************************-
Item_ID = MLA912273289
Title =  Apc Back-ups Bx800ci-ar 800va Con Entrada Y Salida De 230v  Negro
Category_ID = MLA1720
Category_name = UPS
****************************-
Item_ID = MLA912273152
Title =  Apc Back-ups Pro 1500 Br1500g-ar 1500va Con Entrada Y Salida De 230v  Negro
Category_ID = MLA1720
Category_name = UPS
****************************-
Item_ID = MLA912273096
Title =  Apc Easy Ups Srv3000 Srv3ki-ar 3000va Con Entrada Y Salida De 220v/240v  Negro
Category_ID = MLA1720
Category_name = UPS
****************************-
Item_ID = MLA914900871
Title = Notebook Dell Vostro 3490 Negra 14 , Intel Core I5 10210u 12gb De Ram 1tb Hdd, Intel Hd Graphics 60 Hz 1366x768px Windows 10 Pro
Category_ID = MLA1652
Category_name = Notebooks
****************************-
Item_ID = MLA912273972
Title =  Apc Back-ups Pro 550 Br550g-ar 550va Con Entrada Y Salida De 230v  Negro
Category_ID = MLA1720
Category_name = UPS
****************************-
Item_ID = MLA912272809
Title =  Apc Smart-ups Src3000xli 3000va Con Entrada Y Salida De 230v  Negro
Category_ID = MLA1720
Category_name = UPS
****************************-
Item_ID = MLA884735971
Title = Impresora  Multifunción Lexmark Mb2442adwe Con Wifi 220v Gris Y Blanca
Category_ID = MLA1676
Category_name = Impresoras
****************************-
Item_ID = MLA914901828
Title = Notebook Dell Vostro 3490 Negra 14 , Intel Core I5 10210u 32gb De Ram 1tb Hdd 240gb Ssd, Intel Uhd Graphics 60 Hz 1366x768px Windows 10 Pro
Category_ID = MLA1652
Category_name = Notebooks
****************************-
Item_ID = MLA914898074
Title = Notebook Dell Vostro 3490 Negra 14 , Intel Core I5 10210u 8gb De Ram 1tb Hdd 240gb Ssd, Intel Uhd Graphics 60 Hz 1366x768px Windows 10 Pro
Category_ID = MLA1652
Category_name = Notebooks
****************************-
Item_ID = MLA912274211
Title =  Apc Smart-ups Smt3000r2i-ar 3000va Con Entrada Y Salida De 220v/240v  Negro
Category_ID = MLA1720
Category_name = UPS
****************************-
Item_ID = MLA914902700
Title = Notebook Dell Vostro 3490 Negra 14 , Intel Core I5 10210u 16gb De Ram 1tb Hdd, Intel Hd Graphics 60 Hz 1366x768px Windows 10 Pro
Category_ID = MLA1652
Category_name = Notebooks
****************************-
Item_ID = MLA696009826
Title = Ups Apc 1000va Online Tower Gtia 2 Años
Category_ID = MLA1720
Category_name = UPS
****************************-
Item_ID = MLA696010903
Title = Ups Apc Src2ki-ar 2000va Online Tower Src2ki
Category_ID = MLA1720
Category_name = UPS
****************************-
Item_ID = MLA830190937
Title = Notebook Lapto Dell I3 16gb 1tb + Ssd 480gb Win10 Oferta
Category_ID = MLA1652
Category_name = Notebooks
****************************-
Item_ID = MLA673321805
Title = Ups Apc 1500va Estabilizador Y Protector De Tension - Alto Rendimiento Para Pc De Hogar Y Oficina Gtia 2años
Category_ID = MLA1720
Category_name = UPS
****************************-
Item_ID = MLA677346308
Title = Notebook Laptop Dell Inspiron I3 8gb 1tb 14 Ubuntu Teclado Con Ñ Gtia De Tienda Oficial - Factura A Y B Ram
Category_ID = MLA1652
Category_name = Notebooks
****************************-
Item_ID = MLA675284743
Title = Router Cisco Rv160-k9-ar Cisco Rv160 Vpn Smb
Category_ID = MLA430901
Category_name = Routers
****************************-
Item_ID = MLA678026676
Title = Switch Cisco 24 Puertos 10/100 Rackeable No Adm Para Hogar Y Empresa - Garantia Oficial - Factura A Y B
Category_ID = MLA1708
Category_name = Switches
****************************-
Item_ID = MLA850688285
Title = Notebook Dell Inspiron I5 256ssd + 1tb 16gb W10 Gforce Ram
Category_ID = MLA1652
Category_name = Notebooks
****************************-
Item_ID = MLA609714711
Title = Ups Apc Back-ups Pro 550va 230 Estabilizador Y Protector De Tensión Con Ahorro De Energia Gtia Oficial Br550
Category_ID = MLA1720
Category_name = UPS
****************************-
Item_ID = MLA604049998
Title = Ups Apc Easy Bv650i-ar 650va Gtia Oficial 2 Años Bv650
Category_ID = MLA1720
Category_name = UPS
****************************-
Item_ID = MLA609550688
Title = Ups Apc Easy 500va Estabilizador Y Protector De Tension Con Ahorro De Energia Gtia Oficial 2 Años
Category_ID = MLA1720
Category_name = UPS
****************************-
Item_ID = MLA680918722
Title = Notebook Dell Inspiron I5 16gb 256ssd Win 10 Gforce Oferta
Category_ID = MLA1652
Category_name = Notebooks
****************************-
Item_ID = MLA609714710
Title = Ups Apc 900va Back-ups 6 Tomas Estabilizador Y Protector De Tension Gtia Oficial 2años Br900 Para Tv, Play, Pc
Category_ID = MLA1720
Category_name = UPS
****************************-
Item_ID = MLA609115444
Title = Ups Apc De Alto Rendimiento 1200va Estabilizador Y Protector De Tension Garantía Oficial De 2 Años Ups
Category_ID = MLA1720
Category_name = UPS
****************************-
Item_ID = MLA763012088
Title = Monitor Dell 24 Profesional P2419h 1080 60hz Vertical
Category_ID = MLA14407
Category_name = Monitores
****************************-
Item_ID = MLA701423768
Title = Switch Cisco 8 Puertos Port 10/100/1000 Giga Sg100 Oferta Para Hogar Y Empresa - Garantia Oficial - Factura A Y B
Category_ID = MLA1708
Category_name = Switches
****************************-
Item_ID = MLA714545399
Title = Switch Cisco Semi Admin 24 Puertos 10/100 2 Giga Sf220-24-k9
Category_ID = MLA1708
Category_name = Switches
****************************-
Item_ID = MLA863060151
Title = Router Wifi Linksys Ea6100 Dualband Usb 3.0 Control Parental
Category_ID = MLA430901
Category_name = Routers
****************************-
Item_ID = MLA882858177
Title = Notebook Dell Inspiron I5 256ssd + 480ssd 24gb W10
Category_ID = MLA1652
Category_name = Notebooks
****************************-
Item_ID = MLA614270271
Title = Estabilizador Ups Apc 900va Con Garantia Oficial Para Tv, Play, Equipos De Audio Y Pc Con Ahorro De Energia
Category_ID = MLA1720
Category_name = UPS
****************************-
Item_ID = MLA806863934
Title = Apc Pdu Para Rack, Básico, 1 U, 16 A, 208 Y 230 V, (10) C13
Category_ID = MLA1722
Category_name = Otros
****************************-
Item_ID = MLA678685394
Title = Notebook Dell I3 8gb 1tb + 240ssd 14 Win10 Ram Oferta
Category_ID = MLA1652
Category_name = Notebooks
****************************-
Item_ID = MLA701426348
Title = Notebook Laptop I3 Dell Inspiron 8gb 1tb 14  Win 10 Teclado Con Ñ Gtia De Tienda Oficial - Factura A Y B Gamer
Category_ID = MLA1652
Category_name = Notebooks
****************************-
Item_ID = MLA723755010
Title = Ups Apc Br1500g-ar 1500va Estabilizador Ideal Gamer 
Category_ID = MLA1720
Category_name = UPS
****************************-
Item_ID = MLA614880972
Title = Router Wifi Linksys Dual Band Wireless Gtia Oficial
Category_ID = MLA430901
Category_name = Routers
****************************-
Item_ID = MLA838521739
Title = Notebook Dell Inspiron I5 256ssd + 1tb 32gb 15.6 W10 Gforce
Category_ID = MLA1652
Category_name = Notebooks
****************************-
Item_ID = MLA791968195
Title = Escaner Kodak S2040 Alta Velocidad 600dpi Duplex 5000 X Dia
Category_ID = MLA72721
Category_name = Scanners
****************************-
Item_ID = MLA678026922
Title = Switch Cisco Sf110-24 24 Puertos 10/100 Rackeable No Adm
Category_ID = MLA1708
Category_name = Switches
****************************-
Item_ID = MLA903304030
Title = Notebook Dell Vostro I5 15.6 16gb 1tb + 480 Ssd Ubuntu Ñ
Category_ID = MLA1652
Category_name = Notebooks
****************************-
Item_ID = MLA881142767
Title = Notebook Dell Inspiron I5 16gb 256ssd W10 Gforce
Category_ID = MLA1652
Category_name = Notebooks
****************************-
Item_ID = MLA723753317
Title = Ups Apc Br900g-ar 900va 6 Tomas Estabilizador Gtia 2 Años
Category_ID = MLA1720
Category_name = UPS
****************************-
Item_ID = MLA910726513
Title = Monitor Dell Ips 27 E2720h 1080 60hz Dp Vga
Category_ID = MLA14407
Category_name = Monitores
****************************-
Item_ID = MLA897766169
Title = Notebook Dell Vostro I3 15.6  8g 1tb Ubuntu Teclado Con Ñ
Category_ID = MLA1652
Category_name = Notebooks
****************************-
Item_ID = MLA859905027
Title = Impresora Laser Monocromática Lexmark B2338dw Wifi
Category_ID = MLA1676
Category_name = Impresoras
****************************-
Item_ID = MLA709978209
Title = Switch 8 Bocas Cisco 8 Puertos 10/100mbps Oferta Para Hogar Y Empresa - Garantia Oficial - Factura A Y B
Category_ID = MLA1708
Category_name = Switches
****************************-
Item_ID = MLA696010061
Title = Ups Apc Src1ki-ar 1000va Online Tower Src1ki Gtia 2 Años
Category_ID = MLA1720
Category_name = UPS
****************************-
Item_ID = MLA763792337
Title = Cisco Access Point Wap125 Single Band Wap125-a-k9-ar
Category_ID = MLA430901
Category_name = Routers
****************************-
Item_ID = MLA679000840
Title = Ups Apc Bx1100ci Para Tv, Play, Audio, 6 Tomas Estabilizador
Category_ID = MLA1720
Category_name = UPS
****************************-
Item_ID = MLA625205834
Title = Ups Apc 800va 6 T Estabilizador Y Protector De Tension Gtia Oficial 2 Años Bx800 Para Tv, Play, Equipos De Audio
Category_ID = MLA1720
Category_name = UPS
****************************-
Item_ID = MLA910712440
Title = Pc Dell I3 4gb 1tb Windows 10 Pro Vostro Gtia Oficial
Category_ID = MLA1649
Category_name = PC
****************************-
Item_ID = MLA714624323
Title = Switch 24p Cisco Sg350-28 10/100/1000 Sg350-28-k9
Category_ID = MLA1708
Category_name = Switches
****************************-
Item_ID = MLA604168468
Title = Ups Apc 550va 3 Tomas Gtia Oficial 2 Años Bx550  Estabilizador Y Protector De Tension Con Ahorro De Energia
Category_ID = MLA1720
Category_name = UPS
****************************-
Item_ID = MLA838522857
Title = Notebook Dell Inspiron I5 256ssd + 1tb 32gb 15.6 W10 Gf Ctas
Category_ID = MLA1652
Category_name = Notebooks
****************************-
Item_ID = MLA671611260
Title = Ups Apc Br900g-ar 900va 6 Tomas Estabilizador Gtia 2 Años
Category_ID = MLA1720
Category_name = UPS
****************************-
Item_ID = MLA683737338
Title = Notebook Laptop Dell Inspiron I3 4gb 1tb 14 Win 10 Teclado Con Ñ Garantia De Tienda Oficial - Factura A Y B
Category_ID = MLA1652
Category_name = Notebooks
****************************-
Item_ID = MLA859903823
Title = Impresora Laser Monocromática Lexmark B2338dw Wifi
Category_ID = MLA1676
Category_name = Impresoras
****************************-
Item_ID = MLA723747931
Title = Ups Apc Bx550ci-ar 550va 3 Tomas Garantía 2 Años Oferta
Category_ID = MLA1720
Category_name = UPS
****************************-
Item_ID = MLA689272635
Title = Escaner Kodak Scanmate I940 Portatil Duplex Adf 20ppm Oferta
Category_ID = MLA72721
Category_name = Scanners
****************************-
Item_ID = MLA839633052
Title = Ups Apc Easy Bv500i-ar 500va Bv500 Gtia Oficial 2 Años
Category_ID = MLA1720
Category_name = UPS
****************************-
Item_ID = MLA882521802
Title = Notebook Dell Inspiron I5 256ssd + 1tb 32gb W10 Gforce
Category_ID = MLA1652
Category_name = Notebooks
****************************-
Item_ID = MLA665048554
Title = Escaner Kodak Scanmate I940 Portatil De Mano Duplex 20ppm
Category_ID = MLA72721
Category_name = Scanners
****************************-
Item_ID = MLA803069253
Title = Monitor Dell 24 Profesional P2419h - Modelo Nuevo! Ex-p2417h
Category_ID = MLA14407
Category_name = Monitores
****************************-
Item_ID = MLA673439392
Title = Notebook Laptop Dell Inspiron I3 4gb 1tb 14 Ubuntu Teclado Con Ñ Gtia De Tienda Oficial - Factura A Y B
Category_ID = MLA1652
Category_name = Notebooks
****************************-
Item_ID = MLA846965428
Title = Ups Apc Bv500 Estabilizador Protector Tension Entreg Inmedit
Category_ID = MLA1720
Category_name = UPS
****************************-
Item_ID = MLA739200576
Title = Notebook Dell Latitude I5 16gb 256gb Ssd Win10p Oferta Ram
Category_ID = MLA1652
Category_name = Notebooks
****************************-
Item_ID = MLA711874339
Title = Ups Apc Bx1100ci 1100va 6 Tomas Estabilizador Y Protector De Tension Gtia Oficial Para Pc Gamer Con Ahorro De Energia
Category_ID = MLA1720
Category_name = UPS
****************************-
Item_ID = MLA900644213
Title = Notebook Dell Vostro I3 15.6  12g 1tb Ubuntu Teclado Con Ñ
Category_ID = MLA1652
Category_name = Notebooks
****************************-
Item_ID = MLA881141799
Title = Notebook Laptop Dell Inspiron I3 32gb 1tb 14 Ubuntu 
Category_ID = MLA1652
Category_name = Notebooks
****************************-
Item_ID = MLA897945782
Title = Notebook Dell Vostro I5 15.6 12g 1tb + 480ssd  Ubuntu Ñ
Category_ID = MLA1652
Category_name = Notebooks
****************************-
Item_ID = MLA897945792
Title = Notebook Dell Vostro I5 15.6 24 Gb 1tb + 480ssd  Ubuntu Ñ
Category_ID = MLA1652
Category_name = Notebooks
****************************-
Item_ID = MLA867576341
Title = Switch Cisco 8 Puertos Gigabit Sg110-08 Desktop
Category_ID = MLA1708
Category_name = Switches
****************************-
Item_ID = MLA830854907
Title = Switch Cisco 8 Port 10/100/1000 Giga Sg110-8 Gtia Oficial
Category_ID = MLA1708
Category_name = Switches
****************************-
Item_ID = MLA835812799
Title = Switch Cisco Sg220-26p Smart Plus 26 Puertos Giga Poe Admin
Category_ID = MLA1708
Category_name = Switches
****************************-
Item_ID = MLA837545618
Title = Switch Cisco 8 Port 10/100/1000 Giga Sg110-8 Gtia Oficial
Category_ID = MLA1708
Category_name = Switches
****************************-
Item_ID = MLA859898638
Title = Switch Cisco Sf110-24 24 Puertos 10/100 Rackeable No Adm
Category_ID = MLA1708
Category_name = Switches
****************************-
Item_ID = MLA897764831
Title = Notebook Dell Vostro I3 15.6  4g 1tb Ubuntu Teclado Con Ñ
Category_ID = MLA1652
Category_name = Notebooks
****************************-
Item_ID = MLA897999953
Title = Notebook Dell Latitude 3510 15.6 I5 32gb 1tb  Ubuntu Oferta
Category_ID = MLA1652
Category_name = Notebooks
****************************-
Item_ID = MLA846968526
Title = Ups Apc Bv1000 Estabilza Y Protege Tensión Entrega Inmediata
Category_ID = MLA1720
Category_name = UPS
****************************-
Item_ID = MLA859891008
Title = Ups Apc Bx650ci-ar 650va Back 3 Tomas Estabilizador Bx650
Category_ID = MLA1720
Category_name = UPS
****************************-
Item_ID = MLA762982740
Title = Notebook Dell Latitude I7 8gb 1tb Win 10 Pro Teclado Ñ
Category_ID = MLA1652
Category_name = Notebooks
****************************-
Item_ID = MLA614716924
Title = Ups Apc Br550g-ar Back-ups Pro 550va 230 Estabilizador Br550
Category_ID = MLA1720
Category_name = UPS
****************************-
Item_ID = MLA671611113
Title = Ups Apc Br1200g Ar 1200va Estabilizador Br1200 Gtia 2 Años
Category_ID = MLA1720
Category_name = UPS
****************************-
Item_ID = MLA790641629
Title = Monitor Dell 24 Profesional P2419h - Modelo Nuevo! Ex-p2417h
Category_ID = MLA14407
Category_name = Monitores
****************************-
Item_ID = MLA812456031
Title = Router Cisco Rv160-k9-ar Cisco Rv160 Vpn Smb
Category_ID = MLA430901
Category_name = Routers
****************************-
Item_ID = MLA663213659
Title = Notebook Laptop Dell Vostro I5 8gb 1tb 14 Win 10pro Teclado Con Ñ Gtia De Tienda Oficial - Factura A / B
Category_ID = MLA1652
Category_name = Notebooks
****************************-
Item_ID = MLA881142236
Title = Notebook Laptop Dell Inspiron I3 32gb 1tb + 480ssd 14 Ubu
Category_ID = MLA1652
Category_name = Notebooks
****************************-
Item_ID = MLA659248541
Title = Monitor Gamer Hd Dell Led Profesional 20 Dp Vertical
Category_ID = MLA14407
Category_name = Monitores
****************************-
Item_ID = MLA881145044
Title = Notebook Laptop Dell Vostro I5 32gb 1tb + 480ssd 14 Win
Category_ID = MLA1652
Category_name = Notebooks
****************************-
Item_ID = MLA794776018
Title = Ups Apc Srv3ki 3000v 3tm Ups Srv 230v Estabilizador
Category_ID = MLA1720
Category_name = UPS
****************************-
Item_ID = MLA897952230
Title = Notebook Dell Vostro I3 15.6 12gb 1tb + 240ssd Ubuntu Ñ
Category_ID = MLA1652
Category_name = Notebooks
****************************-
Item_ID = MLA678997280
Title = Ups Apc Bx550ci-ar 550va 3 Tomas Garantía 2 Años Oferta
Category_ID = MLA1720
Category_name = UPS
****************************-
Item_ID = MLA859895095
Title = Ups Apc Srv3ki 3000v 3tm Ups Srv 230v Estabilizador
Category_ID = MLA1720
Category_name = UPS
****************************-
Item_ID = MLA881143937
Title = Notebook Laptop Dell Vostro I5 12gb 1tb + 240ssd 14 Win
Category_ID = MLA1652
Category_name = Notebooks
****************************-
Item_ID = MLA795525213
Title = Ups Apc Easy Bv500i-ar 500va Bv500 Gtia Oficial 2 Años
Category_ID = MLA1720
Category_name = UPS
****************************-
Item_ID = MLA677347584
Title = Notebook Dell Inspiron I3 8gb 1tb 14 Win 10 Teclado Con Ñ Garantia De Tienda Oficial - Factura A Y B Ram
Category_ID = MLA1652
Category_name = Notebooks
****************************-
Item_ID = MLA609152945
Title = Ups Apc Srv3ki 3000v 3tm Easy Ups Srv 230v Estabilizador De Tension Con Doble Conversión On Line Ideal Para Servidores
Category_ID = MLA1720
Category_name = UPS
****************************-
Item_ID = MLA881142768
Title = Notebook Laptop Dell Vostro I5 16gb 1tb + 240ssd 14 Win
Category_ID = MLA1652
Category_name = Notebooks
****************************-
Item_ID = MLA706464125
Title = Ups Apc Src2ki-ar 2000va Online Tower Src2ki
Category_ID = MLA1720
Category_name = UPS
****************************-
Item_ID = MLA897946944
Title = Notebook Dell Vostro I5 15.6 8g 1tb + 480ssd  Ubuntu Ñ
Category_ID = MLA1652
Category_name = Notebooks
****************************-
Item_ID = MLA609113448
Title = Ups Apc 650va Back 3 Tomas Estabilizador Y Protector De Tension Con Ahorro De Energia Gtia Oficial Bx650
Category_ID = MLA1720
Category_name = UPS
****************************-
Item_ID = MLA881142726
Title = Notebook Laptop Dell Vostro I5 20gb 1tb 14 Win Oferta
Category_ID = MLA1652
Category_name = Notebooks
****************************-
Item_ID = MLA794967384
Title = Ups Apc 800va 6t Estabilizador Y Protector Apc
Category_ID = MLA1720
Category_name = UPS
****************************-
Item_ID = MLA754985608
Title = Notebook I5 Dell Vostro 14 4gb 1tb Win 10 Pro Teclado Con Ñ Gtia De Tienda Oficial - Factura A Y B
Category_ID = MLA1652
Category_name = Notebooks
****************************-
Item_ID = MLA905513333
Title = Notebook Dell Inspiron I3 4gb 1tb 15,6 Ubuntu
Category_ID = MLA1652
Category_name = Notebooks
****************************-
Item_ID = MLA911121161
Title = Notebook Dell Inspiron I3 8gb 1tb + 480 Ssd 15,6 Ubuntu
Category_ID = MLA1652
Category_name = Notebooks
****************************-
Item_ID = MLA607248903
Title = Ups Apc 550va 3 Tomas Gtia Oficial 2 Años Estabilizador Y Protector De Tension Para El Hogar
Category_ID = MLA1720
Category_name = UPS
****************************-
Item_ID = MLA881143900
Title = Notebook Laptop Dell Vostro I5 12gb 1tb 14 Win
Category_ID = MLA1652
Category_name = Notebooks
****************************-
Item_ID = MLA897948954
Title = Notebook Dell Vostro I5 15.6 20g 1tb + 480ssd  Ubuntu Ñ
Category_ID = MLA1652
Category_name = Notebooks
****************************-
Item_ID = MLA639278363
Title = Ups Apc 650va Back-ups 3 Tomas Para Pc - Estabilizador Y Protector De Tension Con Ahorro De Energia
Category_ID = MLA1720
Category_name = UPS
****************************-
Item_ID = MLA882520890
Title = Notebook Dell Inspiron I5 256ssd + 1tb 16gb W10 Gforce
Category_ID = MLA1652
Category_name = Notebooks
****************************-
Item_ID = MLA608208322
Title = Ups Apc Smt2200i Ar 2200v 8 Tm Estabilizador Reem Sua2200i
Category_ID = MLA1720
Category_name = UPS
****************************-
Item_ID = MLA838518699
Title = Notebook Dell Inspiron I5 256ssd + 480ssd 16gb W10 Gforce 
Category_ID = MLA1652
Category_name = Notebooks
****************************-
Item_ID = MLA696559462
Title = Ups Apc Smart Xl Srt3000xli 3000va 230v Online Oferta
Category_ID = MLA1720
Category_name = UPS
****************************-
Item_ID = MLA897945700
Title = Notebook Dell Vostro I5 15.6 12g 1tb + 480ssd  Ubuntu Ñ
Category_ID = MLA1652
Category_name = Notebooks
****************************-
Item_ID = MLA812489388
Title = Notebook I5 Dell Vostro 14 4gb 1tb Win 10 Pro Teclado Con Ñ Gtia De Tienda Oficial - Factura A Y B
Category_ID = MLA1652
Category_name = Notebooks
****************************-
Item_ID = MLA817037109
Title = Unidad Imagen Lexmark Linea Mb/ms/mx 60000p 56f0z00
Category_ID = MLA3560
Category_name = Tóners
****************************-
Item_ID = MLA824929193
Title = Toner Lexmark Original 504 1.500p Ms 310/610/415 Standard
Category_ID = MLA3560
Category_name = Tóners
****************************-
Item_ID = MLA881143289
Title = Notebook Dell Inspiron I5 256ssd 16gb W10
Category_ID = MLA1652
Category_name = Notebooks
****************************-
Item_ID = MLA620157679
Title = Ups Apc Smt1000i 1000v 6 Tm Estabilizador Smt1000
Category_ID = MLA1720
Category_name = UPS
****************************-
Item_ID = MLA837870707
Title = Ups Apc 800va 6t Estabilizador Y Protector Apc
Category_ID = MLA1720
Category_name = UPS
****************************-
Item_ID = MLA897942803
Title = Notebook Dell Vostro I5 15.6 8g 1tb + 240ssd  Ubuntu Ñ
Category_ID = MLA1652
Category_name = Notebooks
****************************-
Item_ID = MLA812489381
Title = Notebook I5 Dell Vostro 14 16gb 1tb Win 10 Pro Teclado Ñ Cta
Category_ID = MLA1652
Category_name = Notebooks
****************************-
Item_ID = MLA881142835
Title = Notebook Laptop Dell Vostro I5 16gb 1tb + 480ssd 14 Win
Category_ID = MLA1652
Category_name = Notebooks
****************************-
Item_ID = MLA884243660
Title = Notebook Dell G5 Ryzen 7 16gb 512ssd Rx5600 Win10
Category_ID = MLA1652
Category_name = Notebooks
****************************-
Item_ID = MLA881143367
Title = Notebook Dell Inspiron I5 256ssd + 480ssd 16gb W10
Category_ID = MLA1652
Category_name = Notebooks
****************************-
Item_ID = MLA849905915
Title = Notebook Dell Inspiron I5 256ssd 8gb 15.6 W10 Gforce Oferta
Category_ID = MLA1652
Category_name = Notebooks
****************************-
Item_ID = MLA910727388
Title = Monitor Dell Ips 27 E2720h 1080 60hz Dp Vga
Category_ID = MLA14407
Category_name = Monitores
****************************-
Item_ID = MLA881143390
Title = Notebook Dell Inspiron I5 256ssd + 1tb 12gb W10
Category_ID = MLA1652
Category_name = Notebooks
****************************-
Item_ID = MLA881141888
Title = Notebook Dell Inspiron I5 256ssd + 240ssd 16gb W10
Category_ID = MLA1652
Category_name = Notebooks
****************************-
Item_ID = MLA897766175
Title = Notebook Dell Vostro I5 15.6  8gb 1tb Ubuntu Teclado Con Ñ
Category_ID = MLA1652
Category_name = Notebooks
****************************-
Item_ID = MLA897942832
Title = Notebook Dell Vostro I5 15.6 12g 1tb + 240ssd  Ubuntu Ñ
Category_ID = MLA1652
Category_name = Notebooks
****************************-
Item_ID = MLA881143286
Title = Notebook Dell Inspiron I5 256ssd 12gb W10
Category_ID = MLA1652
Category_name = Notebooks
****************************-
Item_ID = MLA885815056
Title = Notebook Dell Latitude I7 32gb 1tb 14  Windows 10 Pro
Category_ID = MLA1652
Category_name = Notebooks
****************************-
Item_ID = MLA691355192
Title = Notebook Dell Vostro I5 8gb 1tb 14 Win 10 Pro
Category_ID = MLA1652
Category_name = Notebooks
****************************-
Item_ID = MLA910984596
Title = Escaner Kodak Alaris E1025 25 Ppm Adf 80 Duplex 600 Dpi
Category_ID = MLA72721
Category_name = Scanners
****************************-
Item_ID = MLA609552067
Title = Ups Apc Smt1000r2i Ar 1000 Estabilizador Reemp. Sua1000rmi2u
Category_ID = MLA1720
Category_name = UPS
****************************-
Item_ID = MLA642723693
Title = Toner Lexmark 604 Mx310 Mx410 Mx511 Mx611 10.000 Paginas
Category_ID = MLA3560
Category_name = Tóners
****************************-
Item_ID = MLA885737909
Title =  Apc Netbotz Rack Monitor 250 Nbrk0250
Category_ID = MLA1722
Category_name = Otros
****************************-
Item_ID = MLA911026171
Title = Notebook Dell Inspiron I3 16gb 1tb 15,6 Ubuntu
Category_ID = MLA1652
Category_name = Notebooks
****************************-
Item_ID = MLA881145051
Title = Notebook Laptop Dell Inspiron I3 4gb 1tb 14 Ubuntu 
Category_ID = MLA1652
Category_name = Notebooks
****************************-
Item_ID = MLA881144362
Title = Notebook Dell Inspiron I5 256ssd 12gb W10 Gforce
Category_ID = MLA1652
Category_name = Notebooks
****************************-
Item_ID = MLA882520584
Title = Notebook Dell Inspiron I5 256ssd + 1tb 8gb W10 Gforce
Category_ID = MLA1652
Category_name = Notebooks
****************************-
Item_ID = MLA835642174
Title = Switch Cisco Sg250x-48 Gigabit De 48 Puertos 10 Gigabit
Category_ID = MLA1708
Category_name = Switches
****************************-
Item_ID = MLA881142300
Title = Notebook Laptop Dell Vostro I5 12gb 1tb 14 Win
Category_ID = MLA1652
Category_name = Notebooks
****************************-
Item_ID = MLA911020671
Title = Notebook Dell Inspiron I3 8gb 1tb 15,6 Ubuntu
Category_ID = MLA1652
Category_name = Notebooks
****************************-
Item_ID = MLA873895702
Title = Impresora Laser Monocromática Lexmark B2546dw Reem Ms517
Category_ID = MLA1676
Category_name = Impresoras
****************************-
Item_ID = MLA911023390
Title = Notebook Dell Inspiron I3 12gb 1tb 15,6 Ubuntu
Category_ID = MLA1652
Category_name = Notebooks
****************************-
Item_ID = MLA897764855
Title = Notebook Dell Vostro I5 15.6  20gb 1tb Ubuntu Teclado Con Ñ
Category_ID = MLA1652
Category_name = Notebooks
****************************-
Item_ID = MLA902774179
Title = Notebook Dell Vostro I5 15.6 16gb 1tb + 240 Ssd Ubuntu Ñ
Category_ID = MLA1652
Category_name = Notebooks
****************************-
Item_ID = MLA881142905
Title = Notebook Laptop Dell Inspiron I3 4gb 1tb + 480ssd 14 Ubuntu 
Category_ID = MLA1652
Category_name = Notebooks
****************************-
Item_ID = MLA881143375
Title = Notebook Dell Inspiron I5 256ssd + 480ssd 32gb W10
Category_ID = MLA1652
Category_name = Notebooks
****************************-
Item_ID = MLA911112801
Title = Notebook Dell Inspiron I3 8gb 1tb + 240 Ssd 15,6 Ubuntu
Category_ID = MLA1652
Category_name = Notebooks
****************************-
Item_ID = MLA881144341
Title = Notebook Laptop Dell Vostro I5 8gb 1tb + 240ssd 14 Win
Category_ID = MLA1652
Category_name = Notebooks
****************************-
Item_ID = MLA881143315
Title = Notebook Dell Inspiron I5 256ssd + 480ssd 32gb W10
Category_ID = MLA1652
Category_name = Notebooks
****************************-
Item_ID = MLA881142860
Title = Notebook Laptop Dell Inspiron I3 12gb 1tb 14 Ubuntu 
Category_ID = MLA1652
Category_name = Notebooks
****************************-
Item_ID = MLA881142429
Title = Notebook Dell Inspiron I5 16gb 256ssd W10 Gforce
Category_ID = MLA1652
Category_name = Notebooks
****************************-
Item_ID = MLA881143256
Title = Notebook Dell Inspiron I5 256ssd 16gb W10
Category_ID = MLA1652
Category_name = Notebooks
****************************-
Item_ID = MLA897956071
Title = Notebook Dell Vostro I3 15.6 12g 1tb + 480ssd Ubuntu  Ñ
Category_ID = MLA1652
Category_name = Notebooks
****************************-
Item_ID = MLA881141849
Title = Notebook Dell Inspiron I5 256ssd + 240ssd 16gb W10
Category_ID = MLA1652
Category_name = Notebooks
****************************-
Item_ID = MLA881142263
Title = Notebook Dell Inspiron I5 256ssd 24gb W10
Category_ID = MLA1652
Category_name = Notebooks
****************************-
Item_ID = MLA881142329
Title = Notebook Laptop Dell Vostro I5 32gb 1tb + 240ssd 14 Win
Category_ID = MLA1652
Category_name = Notebooks
****************************-
Item_ID = MLA882456751
Title = Notebook Dell Inspiron I5 256ssd + 240ssd 12gb W10 Gforce
Category_ID = MLA1652
Category_name = Notebooks
****************************-
Item_ID = MLA882858212
Title = Notebook Dell Inspiron I5 256ssd + 240ssd 24gb W10
Category_ID = MLA1652
Category_name = Notebooks
****************************-
Item_ID = MLA881143334
Title = Notebook Dell Inspiron I5 256ssd + 240ssd 32gb W10
Category_ID = MLA1652
Category_name = Notebooks
****************************-
Item_ID = MLA881143373
Title = Notebook Dell Inspiron I5 256ssd + 1tb 32gb W10
Category_ID = MLA1652
Category_name = Notebooks
****************************-
Item_ID = MLA897946871
Title = Notebook Dell Vostro I5 15.6 20g 1tb + 480ssd  Ubuntu Ñ
Category_ID = MLA1652
Category_name = Notebooks
****************************-
Item_ID = MLA897947956
Title = Notebook Dell Vostro I5 15.6 24 Gb 1tb + 480ssd  Ubuntu Ñ
Category_ID = MLA1652
Category_name = Notebooks
****************************-
Item_ID = MLA881143305
Title = Notebook Dell Inspiron I5 256ssd + 480ssd 16gb W10
Category_ID = MLA1652
Category_name = Notebooks
****************************-
Item_ID = MLA882499090
Title = Notebook Dell Inspiron I5 256ssd + 480ssd 24gb W10 Gforce
Category_ID = MLA1652
Category_name = Notebooks
****************************-
Item_ID = MLA897942634
Title = Notebook Dell Vostro I5 15.6 20gb 1tb + 240ssd  Ubuntu Ñ
Category_ID = MLA1652
Category_name = Notebooks
****************************-
Item_ID = MLA897952644
Title = Notebook Dell Vostro I3 15.6 4g 1tb + 480ssd Ubuntu Ñ
Category_ID = MLA1652
Category_name = Notebooks
****************************-
Item_ID = MLA897944690
Title = Notebook Dell Vostro I5 15.6 8g 1tb + 240ssd  Ubuntu Ñ
Category_ID = MLA1652
Category_name = Notebooks
****************************-
Item_ID = MLA882859079
Title = Notebook Dell Inspiron I5 256ssd + 480ssd 24gb W10
Category_ID = MLA1652
Category_name = Notebooks
****************************-
Item_ID = MLA881141791
Title = Notebook Laptop Dell Inspiron I3 16gb 1tb 14 Ubuntu 
Category_ID = MLA1652
Category_name = Notebooks
****************************-
Item_ID = MLA911113132
Title = Notebook Dell Inspiron I3 8gb 1tb + 240 Ssd 15,6 Ubuntu
Category_ID = MLA1652
Category_name = Notebooks
****************************-
Item_ID = MLA897942674
Title = Notebook Dell Vostro I5 15.6 24 Gb 1tb + 240ssd  Ubuntu Ñ
Category_ID = MLA1652
Category_name = Notebooks
****************************-
Item_ID = MLA897953939
Title = Notebook Dell Vostro I3 15.6 12g 1tb + 480ssd Ubuntu  Ñ
Category_ID = MLA1652
Category_name = Notebooks
****************************-
Item_ID = MLA911041246
Title = Notebook Dell Inspiron I3 4gb 1tb + 240 Ssd 15,6 Ubuntu
Category_ID = MLA1652
Category_name = Notebooks
****************************-
Item_ID = MLA897955963
Title = Notebook Dell Vostro I3 15.6 32g 1tb + 480ssd Ubuntu  Ñ
Category_ID = MLA1652
Category_name = Notebooks
****************************-
Item_ID = MLA911018903
Title = Notebook Dell Inspiron I3 8gb 1tb 15,6 Ubuntu
Category_ID = MLA1652
Category_name = Notebooks
****************************-
Item_ID = MLA898700078
Title = Notebook Dell Vostro I3 15.6 16gb 1tb + 480ssd Ubuntu Ñ
Category_ID = MLA1652
Category_name = Notebooks
****************************-
Item_ID = MLA911119712
Title = Notebook Dell Inspiron I3 12gb 1tb + 480 Ssd 15,6 Ubuntu
Category_ID = MLA1652
Category_name = Notebooks
****************************-
Item_ID = MLA817037127
Title = Unidad Imagen Lexmark Linea Mb/mx/ms 60000p 56f0z00
Category_ID = MLA3560
Category_name = Tóners
****************************-
Item_ID = MLA885737743
Title = Sensor De Humo Netbotz Nbes0307 Apc Espacios De Ti.
Category_ID = MLA1722
Category_name = Otros
****************************-
Item_ID = MLA911027525
Title = Notebook Dell Inspiron I3 32gb 1tb 15,6 Ubuntu
Category_ID = MLA1652
Category_name = Notebooks
****************************-
Item_ID = MLA911121337
Title = Notebook Dell Inspiron I3 16gb 1tb + 480 Ssd 15,6 Ubuntu
Category_ID = MLA1652
Category_name = Notebooks
****************************-
Item_ID = MLA897946846
Title = Notebook Dell Vostro I3 15.6 32 Gb 1tb + 240ssd Ubuntu Ñ
Category_ID = MLA1652
Category_name = Notebooks
****************************-
Item_ID = MLA897947555
Title = Notebook Dell Vostro I3 15.6 20 Gb 1tb + 240ssd Ubuntu Ñ
Category_ID = MLA1652
Category_name = Notebooks
****************************-
Item_ID = MLA897954876
Title = Notebook Dell Vostro I3 15.6 20g 1tb + 480ssd Ubuntu  Ñ
Category_ID = MLA1652
Category_name = Notebooks
****************************-
Item_ID = MLA903304026
Title = Notebook Dell Vostro I3 15.6 16gb 1tb + 240ssd Ubuntu Ñ
Category_ID = MLA1652
Category_name = Notebooks
****************************-
Item_ID = MLA911113173
Title = Notebook Dell Inspiron I3 12gb 1tb + 240 Ssd 15,6 Ubuntu
Category_ID = MLA1652
Category_name = Notebooks
****************************-
Item_ID = MLA881144490
Title = Notebook Laptop Dell Inspiron I3 8gb 1tb + 480ssd 14 Ubu
Category_ID = MLA1652
Category_name = Notebooks
****************************-
Item_ID = MLA897945654
Title = Notebook Dell Vostro I3 15.6 24 Gb 1tb + 240ssd Ubuntu Ñ
Category_ID = MLA1652
Category_name = Notebooks
****************************-
Item_ID = MLA911121100
Title = Notebook Dell Inspiron I3 4gb 1tb + 480 Ssd 15,6 Ubuntu
Category_ID = MLA1652
Category_name = Notebooks
****************************-
Item_ID = MLA885737847
Title = Sensor De Fluido Netbotz Nbes0301 Apc
Category_ID = MLA1722
Category_name = Otros
****************************-
Item_ID = MLA897766186
Title = Notebook Dell Vostro I3 15.6  20g 1tb Ubuntu Teclado Con Ñ
Category_ID = MLA1652
Category_name = Notebooks
****************************-
Item_ID = MLA897766189
Title = Notebook Dell Vostro I3 15.6  32g 1tb Ubuntu Teclado Con Ñ
Category_ID = MLA1652
Category_name = Notebooks
****************************-
Item_ID = MLA911027088
Title = Notebook Dell Inspiron I3 16gb 1tb 15,6 Ubuntu
Category_ID = MLA1652
Category_name = Notebooks
****************************-
Item_ID = MLA911113388
Title = Notebook Dell Inspiron I3 16gb 1tb + 240 Ssd 15,6 Ubuntu
Category_ID = MLA1652
Category_name = Notebooks
****************************-
Item_ID = MLA911114310
Title = Notebook Dell Inspiron I3 16gb 1tb + 240 Ssd 15,6 Ubuntu
Category_ID = MLA1652
Category_name = Notebooks
****************************-
Item_ID = MLA700059684
Title = Switch Cisco Sg350-52 Sb Managed 50p Sg350-52-k9
Category_ID = MLA1708
Category_name = Switches
****************************-
Item_ID = MLA911026671
Title = Notebook Dell Inspiron I3 32gb 1tb 15,6 Ubuntu
Category_ID = MLA1652
Category_name = Notebooks
****************************-
Item_ID = MLA911121140
Title = Notebook Dell Inspiron I3 4gb 1tb + 480 Ssd 15,6 Ubuntu
Category_ID = MLA1652
Category_name = Notebooks
****************************-
Item_ID = MLA911121318
Title = Notebook Dell Inspiron I3 16gb 1tb + 480 Ssd 15,6 Ubuntu
Category_ID = MLA1652
Category_name = Notebooks
****************************-
Item_ID = MLA897954913
Title = Notebook Dell Vostro I3 15.6 24g 1tb + 480ssd Ubuntu  Ñ
Category_ID = MLA1652
Category_name = Notebooks
****************************-
Item_ID = MLA911039712
Title = Notebook Dell Inspiron I3 4gb 1tb + 240 Ssd 15,6 Ubuntu
Category_ID = MLA1652
Category_name = Notebooks
****************************-
Item_ID = MLA911111902
Title = Notebook Dell Inspiron I3 32gb 1tb + 240 Ssd 15,6 Ubuntu
Category_ID = MLA1652
Category_name = Notebooks
****************************-
Item_ID = MLA911119731
Title = Notebook Dell Inspiron I3 12gb 1tb + 480 Ssd 15,6 Ubuntu
Category_ID = MLA1652
Category_name = Notebooks
****************************-
Item_ID = MLA911121179
Title = Notebook Dell Inspiron I3 8gb 1tb + 480 Ssd 15,6 Ubuntu
Category_ID = MLA1652
Category_name = Notebooks
****************************-
Item_ID = MLA911114254
Title = Notebook Dell Inspiron I3 12gb 1tb + 240 Ssd 15,6 Ubuntu
Category_ID = MLA1652
Category_name = Notebooks
****************************-
Item_ID = MLA911115264
Title = Notebook Dell Inspiron I3 32gb 1tb + 240 Ssd 15,6 Ubuntu
Category_ID = MLA1652
Category_name = Notebooks
****************************-
Item_ID = MLA835638797
Title = Switch 24p Cisco Sg250-50 Giga 10/100/1000 Sg250-50p-k9
Category_ID = MLA1708
Category_name = Switches
****************************-
Item_ID = MLA837546578
Title = Switch 24p Cisco Sg350-28p Poe 10/100/1000 Sg350-28p-k
Category_ID = MLA1708
Category_name = Switches
****************************-
Item_ID = MLA835639034
Title = Switch 24p Cisco Sg250-50 Giga 10/100/1000 Sg250-50p-k9
Category_ID = MLA1708
Category_name = Switches
****************************-
Item_ID = MLA911119784
Title = Notebook Dell Inspiron I3 32gb 1tb + 480 Ssd 15,6 Ubuntu
Category_ID = MLA1652
Category_name = Notebooks
****************************-
Item_ID = MLA911121356
Title = Notebook Dell Inspiron I3 32gb 1tb + 480 Ssd 15,6 Ubuntu
Category_ID = MLA1652
Category_name = Notebooks
****************************-
Item_ID = MLA624850726
Title = Bateria Apc Back-ups Pro External Pack Br24bpg Para Br1500g
Category_ID = MLA9566
Category_name = Baterías para UPS
****************************-
Item_ID = MLA882519561
Title = Notebook Dell Inspiron I5 256ssd + 1tb 12gb W10 Gforce
Category_ID = MLA1652
Category_name = Notebooks
****************************-
Item_ID = MLA882496709
Title = Notebook Dell Inspiron I5 256ssd + 480ssd 16gb W10 Gforce
Category_ID = MLA1652
Category_name = Notebooks
****************************-
Item_ID = MLA881143359
Title = Notebook Dell Inspiron I5 256ssd + 1tb 24gb W10
Category_ID = MLA1652
Category_name = Notebooks
****************************-
Item_ID = MLA882456765
Title = Notebook Dell Inspiron I5 256ssd + 240ssd 12gb W10 Gforce
Category_ID = MLA1652
Category_name = Notebooks
****************************-
Item_ID = MLA897947872
Title = Notebook Dell Vostro I5 15.6 8g 1tb + 480ssd  Ubuntu Ñ
Category_ID = MLA1652
Category_name = Notebooks
****************************-
Item_ID = MLA897956048
Title = Notebook Dell Vostro I3 15.6 8g 1tb + 480ssd Ubuntu Ñ
Category_ID = MLA1652
Category_name = Notebooks
****************************-
Item_ID = MLA897765442
Title = Notebook Dell Vostro I5 15.6  24gb 1tb Ubuntu Teclado Con Ñ
Category_ID = MLA1652
Category_name = Notebooks
****************************-
Item_ID = MLA897945023
Title = Notebook Dell Vostro I5 15.6 32gb 1tb + 240 Ssd Ubuntu Ñ
Category_ID = MLA1652
Category_name = Notebooks
****************************-
Item_ID = MLA881143251
Title = Notebook Dell Inspiron I5 256ssd 12gb W10
Category_ID = MLA1652
Category_name = Notebooks
****************************-
Item_ID = MLA881143551
Title = Notebook Dell Inspiron I5 256ssd 8gb W10 Gforce
Category_ID = MLA1652
Category_name = Notebooks
****************************-
Item_ID = MLA882499195
Title = Notebook Dell Inspiron I5 256ssd + 480ssd 8gb W10 Gforce
Category_ID = MLA1652
Category_name = Notebooks
****************************-
Item_ID = MLA881141797
Title = Notebook Dell Inspiron I5 256ssd 8gb W10
Category_ID = MLA1652
Category_name = Notebooks
****************************-
Item_ID = MLA897945838
Title = Notebook Dell Vostro I5 15.6 32 Gb 1tb + 480ssd  Ubuntu Ñ
Category_ID = MLA1652
Category_name = Notebooks
****************************-
Item_ID = MLA881142706
Title = Notebook Laptop Dell Vostro I5 8gb 1tb 14 Win
Category_ID = MLA1652
Category_name = Notebooks
****************************-
Item_ID = MLA881143425
Title = Notebook Laptop Dell Vostro I5 32gb 1tb + 480ssd 14 Win
Category_ID = MLA1652
Category_name = Notebooks
****************************-
Item_ID = MLA881142340
Title = Notebook Laptop Dell Vostro I5 16gb 1tb + 480ssd 14 Win
Category_ID = MLA1652
Category_name = Notebooks
****************************-
Item_ID = MLA897764851
Title = Notebook Dell Vostro I3 15.6  24g 1tb Ubuntu Teclado Con Ñ
Category_ID = MLA1652
Category_name = Notebooks
****************************-
Item_ID = MLA881142261
Title = Notebook Laptop Dell Inspiron I3 12gb 1tb + 240ssd 14 Ubu
Category_ID = MLA1652
Category_name = Notebooks
****************************-
Item_ID = MLA897947985
Title = Notebook Dell Vostro I5 15.6 32 Gb 1tb + 480ssd  Ubuntu Ñ
Category_ID = MLA1652
Category_name = Notebooks
****************************-
Item_ID = MLA898899163
Title = Notebook Dell Vostro I3 15.6 16g 1tb Ubuntu Teclado Con Ñ
Category_ID = MLA1652
Category_name = Notebooks
****************************-
Item_ID = MLA838447397
Title = Notebook Dell Inspiron I5 256ssd 16gb 15.6 W10 Gforce Cuotas
Category_ID = MLA1652
Category_name = Notebooks
****************************-
Item_ID = MLA881142828
Title = Notebook Laptop Dell Vostro I5 8gb 1tb + 480ssd 14 Win
Category_ID = MLA1652
Category_name = Notebooks
****************************-
Item_ID = MLA881141870
Title = Notebook Laptop Dell Inspiron I3 32gb 1tb + 480ssd 14 Ubu
Category_ID = MLA1652
Category_name = Notebooks
****************************-
Item_ID = MLA897999977
Title = Notebook Dell Latitude 3510 15.6  I5 8gb 1tb  Ubuntu Oferta
Category_ID = MLA1652
Category_name = Notebooks
****************************-
Item_ID = MLA902774090
Title = Notebook Dell Vostro I3 15.6 16g 1tb Ubuntu Teclado Con Ñ
Category_ID = MLA1652
Category_name = Notebooks
****************************-
Item_ID = MLA881143280
Title = Notebook Laptop Dell Inspiron I3 32gb 1tb + 240ssd 14 Ubu
Category_ID = MLA1652
Category_name = Notebooks
****************************-
Item_ID = MLA881144389
Title = Notebook Dell Inspiron I5 256ssd 24gb W10 Gforce
Category_ID = MLA1652
Category_name = Notebooks
****************************-
Item_ID = MLA885738526
Title = Supervisor Datacenter Apc Netbotz 355 Sensores Integrados
Category_ID = MLA1722
Category_name = Otros
****************************-
Item_ID = MLA897942617
Title = Notebook Dell Vostro I5 15.6 12g 1tb + 240ssd  Ubuntu Ñ
Category_ID = MLA1652
Category_name = Notebooks
****************************-
Item_ID = MLA897946608
Title = Notebook Dell Vostro I3 15.6 4g 1tb + 240ssd Ubuntu  Ñ
Category_ID = MLA1652
Category_name = Notebooks
****************************-
Item_ID = MLA881142901
Title = Notebook Laptop Dell Inspiron I3 32gb 1tb + 240ssd 14 Ubu
Category_ID = MLA1652
Category_name = Notebooks
****************************-
Item_ID = MLA881144984
Title = Notebook Laptop Dell Vostro I5 20gb 1tb + 240ssd 14 Win
Category_ID = MLA1652
Category_name = Notebooks
****************************-
Item_ID = MLA897946928
Title = Notebook Dell Vostro I5 15.6 4g 1tb + 480ssd  Ubuntu Ñ
Category_ID = MLA1652
Category_name = Notebooks
****************************-
Item_ID = MLA881143293
Title = Notebook Laptop Dell Inspiron I3 20gb 1tb + 480ssd 14 Ubu
Category_ID = MLA1652
Category_name = Notebooks
****************************-
Item_ID = MLA910713865
Title = Pc Dell I3 4gb 1tb Windows 10 Pro Vostro Gtia Oficial
Category_ID = MLA1649
Category_name = PC
****************************-
Item_ID = MLA838446013
Title = Notebook Dell Inspiron I5 256ssd 8gb 15.6 W10 Gforce Cuotas
Category_ID = MLA1652
Category_name = Notebooks
****************************-
Item_ID = MLA899827340
Title = Notebook Dell Vostro I5 15.6  16gb 1tb Ubuntu Teclado Con Ñ
Category_ID = MLA1652
Category_name = Notebooks
****************************-
Item_ID = MLA885811772
Title = Notebook Dell Latitude I7 16gb 1tb 14  Windows 10 Pro
Category_ID = MLA1652
Category_name = Notebooks
****************************-
Item_ID = MLA897956137
Title = Notebook Dell Vostro I3 15.6 20g 1tb + 480ssd Ubuntu  Ñ
Category_ID = MLA1652
Category_name = Notebooks
****************************-
Item_ID = MLA897765424
Title = Notebook Dell Vostro I3 15.6  12g 1tb Ubuntu Teclado Con Ñ
Category_ID = MLA1652
Category_name = Notebooks
****************************-
Item_ID = MLA914223334
Title = Monitor Dell 24'' P2419hc Con Usb-c Hdmi
Category_ID = MLA14407
Category_name = Monitores
****************************-
Item_ID = MLA881143283
Title = Notebook Dell Inspiron I5 256ssd 8gb W10
Category_ID = MLA1652
Category_name = Notebooks
****************************-
Item_ID = MLA897764837
Title = Notebook Dell Vostro I5 15.6  32gb 1tb Ubuntu Teclado Con Ñ
Category_ID = MLA1652
Category_name = Notebooks
****************************-
Item_ID = MLA881144357
Title = Notebook Dell Inspiron I5 256ssd 8gb W10 Gforce
Category_ID = MLA1652
Category_name = Notebooks
****************************-
Item_ID = MLA881141860
Title = Notebook Laptop Dell Inspiron I3 16gb 1tb + 480ssd 14 Ubu
Category_ID = MLA1652
Category_name = Notebooks
****************************-
Item_ID = MLA898699634
Title = Notebook Dell Vostro I3 15.6 16gb 1tb + 480ssd Ubuntu Ñ
Category_ID = MLA1652
Category_name = Notebooks
****************************-
Item_ID = MLA897944664
Title = Notebook Dell Vostro I5 15.6 4g 1tb + 240ssd  Ubuntu Ñ
Category_ID = MLA1652
Category_name = Notebooks
****************************-
Item_ID = MLA882518706
Title = Notebook Dell Inspiron I5 256ssd + 1tb 24gb W10 Gforce
Category_ID = MLA1652
Category_name = Notebooks
****************************-
Item_ID = MLA881143326
Title = Notebook Dell Inspiron I5 256ssd + 1tb 12gb W10
Category_ID = MLA1652
Category_name = Notebooks
****************************-
Item_ID = MLA897766177
Title = Notebook Dell Vostro I5 15.6  20gb 1tb Ubuntu Teclado Con Ñ
Category_ID = MLA1652
Category_name = Notebooks
****************************-
Item_ID = MLA897765438
Title = Notebook Dell Vostro I3 15.6  8g 1tb Ubuntu Teclado Con Ñ
Category_ID = MLA1652
Category_name = Notebooks
****************************-
Item_ID = MLA609712328
Title = Ups Apc Srv2ki 2000v 3t Easy Ups Srv 230v 1kva Rackeable
Category_ID = MLA1720
Category_name = UPS
****************************-
Item_ID = MLA902774954
Title = Notebook Dell Vostro I3 15.6 16gb 1tb + 240ssd Ubuntu Ñ
Category_ID = MLA1652
Category_name = Notebooks
****************************-
Item_ID = MLA881144497
Title = Notebook Laptop Dell Inspiron I3 16gb 1tb + 480ssd 14 Ubu
Category_ID = MLA1652
Category_name = Notebooks
****************************-
Item_ID = MLA897955244
Title = Notebook Dell Vostro I3 15.6 4g 1tb + 480ssd Ubuntu Ñ
Category_ID = MLA1652
Category_name = Notebooks
****************************-
Item_ID = MLA885815872
Title = Notebook Dell Latitude I7 32gb 1tb 14  Windows 10 Pro
Category_ID = MLA1652
Category_name = Notebooks
****************************-
Item_ID = MLA897765338
Title = Notebook Dell Vostro I5 15.6  4g 1tb Ubuntu Teclado Con Ñ
Category_ID = MLA1652
Category_name = Notebooks
****************************-
Item_ID = MLA881145054
Title = Notebook Laptop Dell Inspiron I3 8gb 1tb 14 Ubuntu 
Category_ID = MLA1652
Category_name = Notebooks
****************************-
Item_ID = MLA881144477
Title = Notebook Laptop Dell Inspiron I3 12gb 1tb + 240ssd 14 Ubu
Category_ID = MLA1652
Category_name = Notebooks
****************************-
Item_ID = MLA881144481
Title = Notebook Laptop Dell Inspiron I3 16gb 1tb + 240ssd 14 Ubu
Category_ID = MLA1652
Category_name = Notebooks
****************************-
Item_ID = MLA897953982
Title = Notebook Dell Vostro I3 15.6 8gb 1tb + 240ssd Ubuntu Ñ
Category_ID = MLA1652
Category_name = Notebooks
****************************-
Item_ID = MLA881143267
Title = Notebook Laptop Dell Inspiron I3 20gb 1tb + 240ssd 14 Ubu
Category_ID = MLA1652
Category_name = Notebooks
****************************-
Item_ID = MLA881141900
Title = Notebook Laptop Dell Vostro I5 8gb 1tb + 240ssd 14 Win
Category_ID = MLA1652
Category_name = Notebooks
****************************-
Item_ID = MLA881142867
Title = Notebook Laptop Dell Inspiron I3 20gb 1tb 14 Ubuntu 
Category_ID = MLA1652
Category_name = Notebooks
****************************-
Item_ID = MLA914223316
Title = Monitor Dell 24'' P2419hc Con Usb-c Hdmi
Category_ID = MLA14407
Category_name = Monitores
****************************-
Item_ID = MLA859903297
Title = Impresora Laser Monocromática Lexmark B2546dw Reem Ms517
Category_ID = MLA1676
Category_name = Impresoras
****************************-
Item_ID = MLA881141831
Title = Notebook Dell Inspiron I5 256ssd 32gb W10
Category_ID = MLA1652
Category_name = Notebooks
****************************-
Item_ID = MLA881142441
Title = Notebook Dell Inspiron I5 256ssd 24gb W10 Gforce
Category_ID = MLA1652
Category_name = Notebooks
****************************-
Item_ID = MLA882457643
Title = Notebook Dell Inspiron I5 256ssd + 240ssd 24gb W10 Gforce
Category_ID = MLA1652
Category_name = Notebooks
****************************-
Item_ID = MLA882458720
Title = Notebook Dell Inspiron I5 256ssd + 240ssd 32gb W10 Gforce
Category_ID = MLA1652
Category_name = Notebooks
****************************-
Item_ID = MLA897765445
Title = Notebook Dell Vostro I5 15.6  32gb 1tb Ubuntu Teclado Con Ñ
Category_ID = MLA1652
Category_name = Notebooks
****************************-
Item_ID = MLA897947144
Title = Notebook Dell Vostro I3 15.6 8gb 1tb + 240ssd Ubuntu Ñ
Category_ID = MLA1652
Category_name = Notebooks
****************************-
Item_ID = MLA690957552
Title = Switch Cisco Sg350-52 Sb Managed 50p Sg350-52-k9
Category_ID = MLA1708
Category_name = Switches
****************************-
Item_ID = MLA881141862
Title = Notebook Dell Inspiron I5 256ssd + 240ssd 32gb W10
Category_ID = MLA1652
Category_name = Notebooks
****************************-
Item_ID = MLA881143282
Title = Notebook Laptop Dell Inspiron I3 4gb 1tb + 480ssd 14 Ubuntu 
Category_ID = MLA1652
Category_name = Notebooks
****************************-
Item_ID = MLA881143582
Title = Notebook Dell Inspiron I5 256ssd 32gb W10 Gforce
Category_ID = MLA1652
Category_name = Notebooks
****************************-
Item_ID = MLA882457760
Title = Notebook Dell Inspiron I5 256ssd + 240ssd 32gb W10 Gforce
Category_ID = MLA1652
Category_name = Notebooks
****************************-
Item_ID = MLA903304021
Title = Notebook Dell Vostro I5 15.6 16gb 1tb + 240 Ssd Ubuntu Ñ
Category_ID = MLA1652
Category_name = Notebooks
****************************-
Item_ID = MLA882498913
Title = Notebook Dell Inspiron I5 256ssd + 480ssd 24gb W10 Gforce
Category_ID = MLA1652
Category_name = Notebooks
****************************-
Item_ID = MLA882518692
Title = Notebook Dell Inspiron I5 256ssd + 1tb 16gb W10 Gforce
Category_ID = MLA1652
Category_name = Notebooks
****************************-
Item_ID = MLA897945679
Title = Notebook Dell Vostro I5 15.6 4g 1tb + 480ssd  Ubuntu Ñ
Category_ID = MLA1652
Category_name = Notebooks
****************************-
Item_ID = MLA881142270
Title = Notebook Dell Inspiron I5 256ssd + 240ssd 8gb W10
Category_ID = MLA1652
Category_name = Notebooks
****************************-
Item_ID = MLA881143299
Title = Notebook Dell Inspiron I5 256ssd + 480ssd 12gb W10
Category_ID = MLA1652
Category_name = Notebooks
****************************-
Item_ID = MLA882499042
Title = Notebook Dell Inspiron I5 256ssd + 480ssd 12gb W10 Gforce
Category_ID = MLA1652
Category_name = Notebooks
****************************-
Item_ID = MLA835641399
Title = Switch Cisco Sg250x-48 Gigabit De 48 Puertos 10 Gigabit
Category_ID = MLA1708
Category_name = Switches
****************************-
Item_ID = MLA897942723
Title = Notebook Dell Vostro I5 15.6 32gb 1tb + 240 Ssd Ubuntu Ñ
Category_ID = MLA1652
Category_name = Notebooks
****************************-
Item_ID = MLA897765440
Title = Notebook Dell Vostro I3 15.6  12g 1tb Ubuntu Teclado Con Ñ
Category_ID = MLA1652
Category_name = Notebooks
****************************-
Item_ID = MLA881142254
Title = Notebook Laptop Dell Inspiron I3 20gb 1tb 14 Ubuntu 
Category_ID = MLA1652
Category_name = Notebooks
****************************-
Item_ID = MLA881142292
Title = Notebook Dell Inspiron I5 256ssd 32gb W10
Category_ID = MLA1652
Category_name = Notebooks
****************************-
Item_ID = MLA881143276
Title = Notebook Dell Inspiron I5 256ssd + 240ssd 12gb W10
Category_ID = MLA1652
Category_name = Notebooks
****************************-
Item_ID = MLA882457020
Title = Notebook Dell Inspiron I5 256ssd + 240ssd 16gb W10 Gforce
Category_ID = MLA1652
Category_name = Notebooks
****************************-
Item_ID = MLA882496804
Title = Notebook Dell Inspiron I5 256ssd + 480ssd 32gb W10 Gforce
Category_ID = MLA1652
Category_name = Notebooks
****************************-
Item_ID = MLA882499208
Title = Notebook Dell Inspiron I5 256ssd + 480ssd 12gb W10 Gforce
Category_ID = MLA1652
Category_name = Notebooks
****************************-
Item_ID = MLA881143294
Title = Notebook Dell Inspiron I5 256ssd + 480ssd 8gb W10
Category_ID = MLA1652
Category_name = Notebooks
****************************-
Item_ID = MLA882445690
Title = Notebook Dell Inspiron I5 256ssd + 240ssd 8gb W10 Gforce
Category_ID = MLA1652
Category_name = Notebooks
****************************-
Item_ID = MLA898090357
Title = Notebook Dell Latitude 3510 15.6  I5 16gb 1tb  Ubuntu Oferta
Category_ID = MLA1652
Category_name = Notebooks
****************************-
Item_ID = MLA881143340
Title = Notebook Dell Inspiron I5 256ssd + 1tb 16gb W10
Category_ID = MLA1652
Category_name = Notebooks
****************************-
Item_ID = MLA882457646
Title = Notebook Dell Inspiron I5 256ssd + 240ssd 24gb W10 Gforce
Category_ID = MLA1652
Category_name = Notebooks
****************************-
Item_ID = MLA882499023
Title = Notebook Dell Inspiron I5 256ssd + 480ssd 8gb W10 Gforce
Category_ID = MLA1652
Category_name = Notebooks
****************************-
Item_ID = MLA903304029
Title = Notebook Dell Vostro I5 15.6 16gb 1tb + 480 Ssd Ubuntu Ñ
Category_ID = MLA1652
Category_name = Notebooks
****************************-
Item_ID = MLA881143352
Title = Notebook Laptop Dell Vostro I5 4gb 1tb + 240ssd 14 Win
Category_ID = MLA1652
Category_name = Notebooks
****************************-
Item_ID = MLA881142327
Title = Notebook Laptop Dell Vostro I5 20gb 1tb + 240ssd 14 Win
Category_ID = MLA1652
Category_name = Notebooks
****************************-
Item_ID = MLA882499105
Title = Notebook Dell Inspiron I5 256ssd + 480ssd 32gb W10 Gforce
Category_ID = MLA1652
Category_name = Notebooks
****************************-
Item_ID = MLA838521210
Title = Notebook Dell Inspiron I5 256ssd + 480ssd 32gb 15.6 W10 Gf
Category_ID = MLA1652
Category_name = Notebooks
****************************-
Item_ID = MLA838574912
Title = Notebook Dell Inspiron I5 256ssd + 240ssd 32gb 15.6 W10 Ctas
Category_ID = MLA1652
Category_name = Notebooks
****************************-
Item_ID = MLA881143312
Title = Notebook Dell Inspiron I5 256ssd + 240ssd 12gb W10
Category_ID = MLA1652
Category_name = Notebooks
****************************-
Item_ID = MLA881143404
Title = Notebook Laptop Dell Vostro I5 4gb 1tb + 480ssd 14 Win
Category_ID = MLA1652
Category_name = Notebooks
****************************-
Item_ID = MLA897944657
Title = Notebook Dell Vostro I5 15.6 4g 1tb + 240ssd  Ubuntu Ñ
Category_ID = MLA1652
Category_name = Notebooks
****************************-
Item_ID = MLA881145041
Title = Notebook Laptop Dell Vostro I5 20gb 1tb + 480ssd 14 Win
Category_ID = MLA1652
Category_name = Notebooks
****************************-
Item_ID = MLA881143999
Title = Notebook Dell Inspiron I5 256ssd 12gb W10 Gforce
Category_ID = MLA1652
Category_name = Notebooks
****************************-
Item_ID = MLA897954088
Title = Notebook Dell Vostro I3 15.6 24 Gb 1tb + 240ssd Ubuntu Ñ
Category_ID = MLA1652
Category_name = Notebooks
****************************-
Item_ID = MLA881141864
Title = Notebook Dell Inspiron I5 256ssd + 1tb 24gb W10
Category_ID = MLA1652
Category_name = Notebooks
****************************-
Item_ID = MLA881143297
Title = Notebook Dell Inspiron I5 256ssd 24gb W10
Category_ID = MLA1652
Category_name = Notebooks
****************************-
Item_ID = MLA897955367
Title = Notebook Dell Vostro I3 15.6 24g 1tb + 480ssd Ubuntu  Ñ
Category_ID = MLA1652
Category_name = Notebooks
****************************-
Item_ID = MLA910727452
Title = Monitor Dell E2420h Led 24 Negro 100v/240v Fhd Dp Vga
Category_ID = MLA14407
Category_name = Monitores
****************************-
Item_ID = MLA881141787
Title = Notebook Laptop Dell Inspiron I3 12gb 1tb 14 Ubuntu 
Category_ID = MLA1652
Category_name = Notebooks
****************************-
Item_ID = MLA897766171
Title = Notebook Dell Vostro I3 15.6  24g 1tb Ubuntu Teclado Con Ñ
Category_ID = MLA1652
Category_name = Notebooks
****************************-
Item_ID = MLA897944997
Title = Notebook Dell Vostro I5 15.6 24 Gb 1tb + 240ssd  Ubuntu Ñ
Category_ID = MLA1652
Category_name = Notebooks
****************************-
Item_ID = MLA881141922
Title = Notebook Dell Inspiron I5 256ssd + 1tb 32gb W10
Category_ID = MLA1652
Category_name = Notebooks
****************************-
Item_ID = MLA838521318
Title = Notebook Dell Inspiron I5 256ssd + 480ssd 32gb 15.6 W10 Gf
Category_ID = MLA1652
Category_name = Notebooks
****************************-
Item_ID = MLA881141908
Title = Notebook Laptop Dell Vostro I5 12gb 1tb + 240ssd 14 Win
Category_ID = MLA1652
Category_name = Notebooks
****************************-
Item_ID = MLA881142313
Title = Notebook Dell Inspiron I5 256ssd + 480ssd 12gb W10
Category_ID = MLA1652
Category_name = Notebooks
****************************-
Item_ID = MLA881143381
Title = Notebook Laptop Dell Vostro I5 16gb 1tb + 240ssd 14 Win
Category_ID = MLA1652
Category_name = Notebooks
****************************-
Item_ID = MLA900689309
Title = Notebook Dell Vostro I3 15.6 8g 1tb Ubuntu Teclado Con Ñ
Category_ID = MLA1652
Category_name = Notebooks
****************************-
Item_ID = MLA882859115
Title = Notebook Dell Inspiron I5 256ssd + 240ssd 24gb W10
Category_ID = MLA1652
Category_name = Notebooks
****************************-
Item_ID = MLA881141857
Title = Notebook Laptop Dell Inspiron I3 12gb 1tb + 480ssd 14 Ubu
Category_ID = MLA1652
Category_name = Notebooks
****************************-
Item_ID = MLA882518653
Title = Notebook Dell Inspiron I5 256ssd + 1tb 8gb W10 Gforce
Category_ID = MLA1652
Category_name = Notebooks
****************************-
Item_ID = MLA897765429
Title = Notebook Dell Vostro I5 15.6  24gb 1tb Ubuntu Teclado Con Ñ
Category_ID = MLA1652
Category_name = Notebooks
****************************-
Item_ID = MLA911031874
Title = Notebook Dell Latitude 7410 I5 8gb 256ssd Win Pro 10
Category_ID = MLA1652
Category_name = Notebooks
****************************-
Item_ID = MLA615821372
Title = Guia Kit Rack Apc Surtrk Smart-ups Rt 19 P Surt1000 2000xli
Category_ID = MLA1722
Category_name = Otros
****************************-
Item_ID = MLA881143348
Title = Notebook Dell Inspiron I5 256ssd + 480ssd 8gb W10
Category_ID = MLA1652
Category_name = Notebooks
****************************-
Item_ID = MLA882444640
Title = Notebook Dell Inspiron I5 256ssd + 240ssd 8gb W10 Gforce
Category_ID = MLA1652
Category_name = Notebooks
****************************-
Item_ID = MLA837552483
Title = Cisco Access Point Wap125 Single Band Wap125-a-k9-ar
Category_ID = MLA430901
Category_name = Routers
****************************-
Item_ID = MLA881141771
Title = Notebook Laptop Dell Inspiron I3 4gb 1tb 14 Ubuntu 
Category_ID = MLA1652
Category_name = Notebooks
****************************-
Item_ID = MLA897953416
Title = Notebook Dell Vostro I3 15.6 32 Gb 1tb + 240ssd Ubuntu Ñ
Category_ID = MLA1652
Category_name = Notebooks
****************************-
Item_ID = MLA837546672
Title = Switch 24p Cisco Sg350-28 10/100/1000 Sg350-28-k9
Category_ID = MLA1708
Category_name = Switches
****************************-
Item_ID = MLA838516273
Title = Notebook Dell Inspiron I5 256ssd + 240ssd 16gb W10 Gforce
Category_ID = MLA1652
Category_name = Notebooks
****************************-
Item_ID = MLA881141879
Title = Notebook Laptop Dell Vostro I5 8gb 1tb 14 Win
Category_ID = MLA1652
Category_name = Notebooks
****************************-
Item_ID = MLA882519754
Title = Notebook Dell Inspiron I5 256ssd + 1tb 12gb W10 Gforce
Category_ID = MLA1652
Category_name = Notebooks
****************************-
Item_ID = MLA897766149
Title = Notebook Dell Vostro I5 15.6  4g 1tb Ubuntu Teclado Con Ñ
Category_ID = MLA1652
Category_name = Notebooks
****************************-
Item_ID = MLA897766190
Title = Notebook Dell Vostro I5 15.6  12gb 1tb Ubuntu Teclado Con Ñ
Category_ID = MLA1652
Category_name = Notebooks
****************************-
Item_ID = MLA885803366
Title = Monitor Dell E2220h Led 22 Negro 100v/240v Fhd
Category_ID = MLA14407
Category_name = Monitores
****************************-
Item_ID = MLA881141889
Title = Notebook Dell Inspiron I5 256ssd + 1tb 8gb W10
Category_ID = MLA1652
Category_name = Notebooks
****************************-
Item_ID = MLA910727465
Title = Monitor Dell E2420h Led 24 Negro 100v/240v Fhd Dp Vga
Category_ID = MLA14407
Category_name = Monitores
****************************-
Item_ID = MLA881142293
Title = Notebook Laptop Dell Vostro I5 4gb 1tb 14 Win
Category_ID = MLA1652
Category_name = Notebooks
****************************-
Item_ID = MLA897956961
Title = Notebook Dell Vostro I3 15.6 32g 1tb + 480ssd Ubuntu  Ñ
Category_ID = MLA1652
Category_name = Notebooks
****************************-
Item_ID = MLA838488844
Title = Notebook Dell Inspiron I5 256ssd + 1tb 8gb W10 Gforce Cuotas
Category_ID = MLA1652
Category_name = Notebooks
****************************-
Item_ID = MLA881142297
Title = Notebook Dell Inspiron I5 256ssd + 240ssd 8gb W10
Category_ID = MLA1652
Category_name = Notebooks
****************************-
Item_ID = MLA881145085
Title = Notebook Laptop Dell Inspiron I3 20gb 1tb + 240ssd 14 Ubu
Category_ID = MLA1652
Category_name = Notebooks
****************************-
Item_ID = MLA882519598
Title = Notebook Dell Inspiron I5 256ssd + 1tb 32gb W10 Gforce
Category_ID = MLA1652
Category_name = Notebooks
****************************-
Item_ID = MLA881144327
Title = Notebook Laptop Dell Vostro I5 16gb 1tb 14 Win Oferta
Category_ID = MLA1652
Category_name = Notebooks
****************************-
Item_ID = MLA882521453
Title = Notebook Dell Inspiron I5 256ssd + 1tb 24gb W10 Gforce
Category_ID = MLA1652
Category_name = Notebooks
****************************-
Item_ID = MLA897996918
Title = Notebook Dell Latitude 3510 15.6 I5 12gb 1tb  Ubuntu Oferta
Category_ID = MLA1652
Category_name = Notebooks
****************************-
Item_ID = MLA881141781
Title = Notebook Laptop Dell Inspiron I3 8gb 1tb 14 Ubuntu 
Category_ID = MLA1652
Category_name = Notebooks
****************************-
Item_ID = MLA881142338
Title = Notebook Laptop Dell Vostro I5 8gb 1tb + 480ssd 14 Win
Category_ID = MLA1652
Category_name = Notebooks
****************************-
Item_ID = MLA838519742
Title = Notebook Dell Inspiron I5 256ssd + 480ssd 16gb W10 Gforce
Category_ID = MLA1652
Category_name = Notebooks
****************************-
Item_ID = MLA881141804
Title = Notebook Laptop Dell Inspiron I3 4gb 1tb + 240ssd 14 Ubuntu 
Category_ID = MLA1652
Category_name = Notebooks
****************************-
Item_ID = MLA881145060
Title = Notebook Laptop Dell Inspiron I3 32gb 1tb 14 Ubuntu 
Category_ID = MLA1652
Category_name = Notebooks
****************************-
Item_ID = MLA881144404
Title = Notebook Dell Inspiron I5 256ssd 32gb W10 Gforce
Category_ID = MLA1652
Category_name = Notebooks
****************************-
Item_ID = MLA882455901
Title = Notebook Dell Inspiron I5 256ssd + 240ssd 16gb W10 Gforce
Category_ID = MLA1652
Category_name = Notebooks
****************************-
Item_ID = MLA897952190
Title = Notebook Dell Vostro I3 15.6 4g 1tb + 240ssd Ubuntu  Ñ
Category_ID = MLA1652
Category_name = Notebooks
****************************-
Item_ID = MLA606396923
Title = Placa De Red Apc Ap9631 Smartslot Network Management
Category_ID = MLA1722
Category_name = Otros
****************************-
Item_ID = MLA905511647
Title = Notebook Dell Inspiron I3 4gb 1tb 15,6 Ubuntu
Category_ID = MLA1652
Category_name = Notebooks
****************************-
Item_ID = MLA881144456
Title = Notebook Laptop Dell Inspiron I3 16gb 1tb 14 Ubuntu 
Category_ID = MLA1652
Category_name = Notebooks
****************************-
Item_ID = MLA881144495
Title = Notebook Laptop Dell Inspiron I3 12gb 1tb + 480ssd 14 Ubu
Category_ID = MLA1652
Category_name = Notebooks
****************************-
Item_ID = MLA881142284
Title = Notebook Laptop Dell Inspiron I3 8gb 1tb + 480ssd 14 Ubu
Category_ID = MLA1652
Category_name = Notebooks
****************************-
Item_ID = MLA900687782
Title = Notebook Dell Vostro I3 15.6 4g 1tb Ubuntu Teclado Con Ñ
Category_ID = MLA1652
Category_name = Notebooks
****************************-
Item_ID = MLA885801566
Title = Monitor Dell E2220h Led 22 Negro 100v/240v Fhd
Category_ID = MLA14407
Category_name = Monitores
****************************-
Item_ID = MLA885803099
Title = Notebook Dell Latitude I7 8gb 1tb 14  Windows 10 Pro
Category_ID = MLA1652
Category_name = Notebooks
****************************-
Item_ID = MLA723825344
Title = Escaner Kodak Scanmate I940 20ppm Bn-color 600dpi Oferta
Category_ID = MLA72721
Category_name = Scanners
****************************-
Item_ID = MLA885737318
Title = Sensor Temperatura Apc Sistema De Baterías Externas
Category_ID = MLA1722
Category_name = Otros
****************************-
Item_ID = MLA859905013
Title = Impresora Multifuncion Monoc Lexmark Mx522adhe Duplex 46 Ppm
Category_ID = MLA1676
Category_name = Impresoras
****************************-
Item_ID = MLA897967993
Title = Notebook Dell Latitude 3510 15.6  I5 4gb 1tb  Ubuntu Oferta
Category_ID = MLA1652
Category_name = Notebooks
****************************-
Item_ID = MLA835813785
Title = Switch Cisco Sg220-26p Smart Plus 26 Puertos Giga Poe Admin
Category_ID = MLA1708
Category_name = Switches
****************************-
Item_ID = MLA881142810
Title = Notebook Laptop Dell Vostro I5 4gb 1tb + 480ssd 14 Win
Category_ID = MLA1652
Category_name = Notebooks
****************************-
Item_ID = MLA881143219
Title = Notebook Laptop Dell Inspiron I3 20gb 1tb + 480ssd 14 Ubu
Category_ID = MLA1652
Category_name = Notebooks
****************************-
Item_ID = MLA881144391
Title = Notebook Laptop Dell Vostro I5 32gb 1tb + 240ssd 14 Win
Category_ID = MLA1652
Category_name = Notebooks
****************************-
Item_ID = MLA881144336
Title = Notebook Laptop Dell Vostro I5 4gb 1tb + 240ssd 14 Win
Category_ID = MLA1652
Category_name = Notebooks
****************************-
Item_ID = MLA881143253
Title = Notebook Laptop Dell Inspiron I3 8gb 1tb + 240ssd 14 Ubuntu 
Category_ID = MLA1652
Category_name = Notebooks
****************************-
Item_ID = MLA638800139
Title = Toner Lexmark 60f4x00 604x Mx510 Mx511 Mx610 Mx611 20000pag
Category_ID = MLA3560
Category_name = Tóners
****************************-
Item_ID = MLA897765426
Title = Notebook Dell Vostro I3 15.6  32g 1tb Ubuntu Teclado Con Ñ
Category_ID = MLA1652
Category_name = Notebooks
****************************-
Item_ID = MLA677080943
Title = Impresora Laser Monocromática Lexmark B2442dw Wifi Ms417
Category_ID = MLA1676
Category_name = Impresoras
****************************-
Item_ID = MLA897953369
Title = Notebook Dell Vostro I3 15.6 20 Gb 1tb + 240ssd Ubuntu Ñ
Category_ID = MLA1652
Category_name = Notebooks
****************************-
Item_ID = MLA897953914
Title = Notebook Dell Vostro I3 15.6 8g 1tb + 480ssd Ubuntu Ñ
Category_ID = MLA1652
Category_name = Notebooks
****************************-
Item_ID = MLA911003820
Title = Access Point Cisco Wap150 802.11ac Con Poe Wap150-a-k9
Category_ID = MLA430901
Category_name = Routers
****************************-
Item_ID = MLA665049100
Title = Escaner Kodak Scanmate I940 20ppm 600dpi Bn-color
Category_ID = MLA72721
Category_name = Scanners
****************************-
Item_ID = MLA897766176
Title = Notebook Dell Vostro I5 15.6  12gb 1tb Ubuntu Teclado Con Ñ
Category_ID = MLA1652
Category_name = Notebooks
****************************-
Item_ID = MLA881142879
Title = Notebook Laptop Dell Inspiron I3 4gb 1tb + 240ssd 14 Ubuntu 
Category_ID = MLA1652
Category_name = Notebooks
****************************-
Item_ID = MLA881143895
Title = Notebook Laptop Dell Vostro I5 4gb 1tb 14 Win
Category_ID = MLA1652
Category_name = Notebooks
****************************-
Item_ID = MLA838485177
Title = Notebook Dell Inspiron I5 256ssd + 1tb 8gb 15.6 W10 Gforce
Category_ID = MLA1652
Category_name = Notebooks
****************************-
Item_ID = MLA897766184
Title = Notebook Dell Vostro I3 15.6  4g 1tb Ubuntu Teclado Con Ñ
Category_ID = MLA1652
Category_name = Notebooks
****************************-
Item_ID = MLA675298138
Title = Access Point Cisco Wap150 802.11ac Con Poe Wap150-a-k9
Category_ID = MLA430901
Category_name = Routers
****************************-
Item_ID = MLA870134852
Title = Notebook Laptop Dell Inspiron I3 4gb 1tb 14 Win 10 Teclado C
Category_ID = MLA1652
Category_name = Notebooks
****************************-
Item_ID = MLA881141829
Title = Notebook Laptop Dell Inspiron I3 16gb 1tb + 240ssd 14 Ubu
Category_ID = MLA1652
Category_name = Notebooks
****************************-
Item_ID = MLA897764852
Title = Notebook Dell Vostro I5 15.6  8gb 1tb Ubuntu Teclado Con Ñ
Category_ID = MLA1652
Category_name = Notebooks
****************************-
Item_ID = MLA885738070
Title = Ups Apc Easy Srv 6000va C/batería C/rack
Category_ID = MLA1720
Category_name = UPS
****************************-
Item_ID = MLA881144474
Title = Notebook Laptop Dell Inspiron I3 8gb 1tb + 240ssd 14 Ubuntu 
Category_ID = MLA1652
Category_name = Notebooks
****************************-
Item_ID = MLA648748378
Title = Ups Online Apc Smart Srv10ki 10000va 10kvi 230v 2años
Category_ID = MLA1720
Category_name = UPS
****************************-
Item_ID = MLA885803344
Title = Monitor Dell E2420h Led 24 Negro 100v/240v Fhd Dp Vga
Category_ID = MLA14407
Category_name = Monitores
****************************-
Item_ID = MLA835648693
Title = Switch 24p Cisco Sg350-28mp Poe+ 10/100/1000 Sg350-28mp-k9
Category_ID = MLA1708
Category_name = Switches
****************************-
Item_ID = MLA811276870
Title = Escaner Kodak S2040 Alta Velocidad 600dpi Duplex 5000 X Dia
Category_ID = MLA72721
Category_name = Scanners
****************************-
Item_ID = MLA885815855
Title = Notebook Dell Latitude I7 24gb 1tb 14  Windows 10 Pro
Category_ID = MLA1652
Category_name = Notebooks
****************************-
Item_ID = MLA859896108
Title = Ups Apc Srv6ki 6000v 3t Easy Ups Srv 230v 1kva Rackeable
Category_ID = MLA1720
Category_name = UPS
****************************-
Item_ID = MLA615704747
Title = Bateria Externa Ups Apc Smart X 48v External Smx48rmbp2u Para Smx1000i Smx1500rmi2unc Smx750i Gtia Oficial Apc
Category_ID = MLA9566
Category_name = Baterías para UPS
****************************-
Item_ID = MLA911034021
Title = Notebook Dell Latitude 7410 I5 8gb 256ssd Win Pro 10
Category_ID = MLA1652
Category_name = Notebooks
****************************-
Item_ID = MLA680616564
Title = Router Linksys Wifi Ea7300 Mimo smart router ac1750
Category_ID = MLA430901
Category_name = Routers
****************************-
Item_ID = MLA678997610
Title = Ups Apc Bx650ci-ar 650va Back 3 Tomas Estabilizador Bx650
Category_ID = MLA1720
Category_name = UPS
****************************-
Item_ID = MLA897942853
Title = Notebook Dell Vostro I5 15.6 20gb 1tb + 240ssd  Ubuntu Ñ
Category_ID = MLA1652
Category_name = Notebooks
****************************-
Item_ID = MLA837512001
Title = Ups Apc Srv3ki 3000v 3t Easy Ups Srv 230v 1kva Rackeable
Category_ID = MLA1720
Category_name = UPS
****************************-
Item_ID = MLA859904594
Title = Impresora Multifuncion Monoc Lexmark Mx522adhe Duplex 46 Ppm
Category_ID = MLA1676
Category_name = Impresoras
****************************-
Item_ID = MLA881143921
Title = Notebook Laptop Dell Vostro I5 32gb 1tb 14 Win Oferta
Category_ID = MLA1652
Category_name = Notebooks
****************************-
Item_ID = MLA897765425
Title = Notebook Dell Vostro I3 15.6  20g 1tb Ubuntu Teclado Con Ñ
Category_ID = MLA1652
Category_name = Notebooks
****************************-
Item_ID = MLA809059569
Title = Toner Lexmark Mb /2338 /2442 /2546 3000 P Lexmark B234000
Category_ID = MLA3560
Category_name = Tóners
****************************-
Item_ID = MLA910717235
Title = Monitor Dell E2220h Led 22 Negro 100v/240v Fhd
Category_ID = MLA14407
Category_name = Monitores
****************************-
Item_ID = MLA885812720
Title = Notebook Dell Latitude I7 12gb 1tb 14  Windows 10 Pro
Category_ID = MLA1652
Category_name = Notebooks
****************************-
Item_ID = MLA897999066
Title = Notebook Dell Latitude 3510 15.6 I5 32gb 1tb  Ubuntu Oferta
Category_ID = MLA1652
Category_name = Notebooks
****************************-
Item_ID = MLA881142342
Title = Notebook Laptop Dell Vostro I5 20gb 1tb + 480ssd 14 Win
Category_ID = MLA1652
Category_name = Notebooks
****************************-
Item_ID = MLA910715648
Title = Monitor Dell E2220h Led 22 Negro 100v/240v Fhd
Category_ID = MLA14407
Category_name = Monitores
****************************-
Item_ID = MLA881143325
Title = Notebook Laptop Dell Vostro I5 20gb 1tb 14 Win Oferta
Category_ID = MLA1652
Category_name = Notebooks
****************************-
Item_ID = MLA885802569
Title = Monitor Dell E2420h Led 24 Negro 100v/240v Fhd Dp Vga
Category_ID = MLA14407
Category_name = Monitores
****************************-
Item_ID = MLA885813867
Title = Notebook Dell Latitude I7 12gb 1tb 14  Windows 10 Pro
Category_ID = MLA1652
Category_name = Notebooks
****************************-
Item_ID = MLA885802327
Title = Notebook Dell Latitude I7 8gb 1tb 14  Windows 10 Pro
Category_ID = MLA1652
Category_name = Notebooks
****************************-
Item_ID = MLA897997943
Title = Notebook Dell Latitude 3510 15.6 I5 20gb 1tb  Ubuntu Oferta
Category_ID = MLA1652
Category_name = Notebooks
****************************-
Item_ID = MLA612510430
Title = Ups Apc 6000 Va Easy Online Ups 230v Rack Gtia Oficial Apc
Category_ID = MLA1720
Category_name = UPS
****************************-
Item_ID = MLA611147717
Title = Ups Apc Srt5kxli 5000va Online Reemplazo Surt5000xli
Category_ID = MLA1720
Category_name = UPS
****************************-
Item_ID = MLA661833367
Title = Ups Apc Src3000xli Smart Rc 3000va Online Garantía 2 Años
Category_ID = MLA1720
Category_name = UPS
****************************-
Item_ID = MLA837525002
Title = Bateria Apc Srt96bp Smart Srt3000 Ups
Category_ID = MLA1720
Category_name = UPS
****************************-
Item_ID = MLA873122629
Title = Ups Apc Smt3000i-ar 3000v 6 Tm Estabilizador Reem Sua3000i
Category_ID = MLA1720
Category_name = UPS
****************************-
Item_ID = MLA683158970
Title = Rack Apc Netshelter Sv 42u 600x1060 Ar2400fp1 Gabinete
Category_ID = MLA417608
Category_name = Racks para Servidores
****************************-
Item_ID = MLA615798121
Title = Bateria Apc Srt192bp Smart Srt 192v 5kva 6kva Battery Pack
Category_ID = MLA9566
Category_name = Baterías para UPS
****************************-
Item_ID = MLA640304149
Title = Bateria Apc Back-ups Pro External Pack Br24bpg Para Br1500g
Category_ID = MLA9566
Category_name = Baterías para UPS
****************************-
Item_ID = MLA811354717
Title = Ups Apc Smart Xl Srt3000xli 3000va 230v Online Oferta
Category_ID = MLA1720
Category_name = UPS
****************************-
Item_ID = MLA728582192
Title = Ups Apc Smt3000i-ar 3000v 6 Tm Estabilizador Reem Sua3000i
Category_ID = MLA1720
Category_name = UPS
****************************-
Item_ID = MLA837533913
Title = Ups Apc Srv3ki 3000v 3t Easy Ups Srv 230v 1kva Rackeable
Category_ID = MLA1720
Category_name = UPS
****************************-
Item_ID = MLA683890354
Title = Ups Apc Src3000xli Smart Rc 3000va Online Garantía 2 Años
Category_ID = MLA1720
Category_name = UPS
****************************-
Item_ID = MLA885734709
Title = Ups Apc Easy Srv6kril Autonomía Extendida
Category_ID = MLA1720
Category_name = UPS
****************************-
Item_ID = MLA856608886
Title = Ups Srv6kil Apc 6kva Tiempo Extendido De Operación
Category_ID = MLA1720
Category_name = UPS
****************************-
Item_ID = MLA885735632
Title = Ups Apc Easy Srv6kril Autonomía Extendida
Category_ID = MLA1720
Category_name = UPS
****************************-
Item_ID = MLA837513757
Title = Ups Online Apc Smart Srv10ki 10000va 10kvi 230v 2años
Category_ID = MLA1720
Category_name = UPS
****************************-
Item_ID = MLA605605883
Title = Bateria Apc Externa Src96xlbp2s Smart-ups P/ Src2000/3000xli
Category_ID = MLA9566
Category_name = Baterías para UPS
****************************-
Item_ID = MLA640537191
Title = Bateria Externa Ups Apc Smart X 48v External Smx48rmbp2u 
Category_ID = MLA9566
Category_name = Baterías para UPS
****************************-
Item_ID = MLA609567656
Title = Ups Apc Smt3000i 3000v 9 Tm Estabilizador Reemplazo Sua3000i
Category_ID = MLA1720
Category_name = UPS
****************************-
Item_ID = MLA811562918
Title = Smart Ups Online Apc Srv6ki 6000va 6kvi 230v 2 Años Gtia
Category_ID = MLA1720
Category_name = UPS
****************************-
Item_ID = MLA837511042
Title = Bateria Apc Srt96bp Smart Srt3000 Ups
Category_ID = MLA9566
Category_name = Baterías para UPS
****************************-
Item_ID = MLA837514028
Title = Ups Apc Srv6ki 6000v 3t Easy Ups Srv 230v 1kva Rackeable
Category_ID = MLA1720
Category_name = UPS
****************************-
Item_ID = MLA914761768
Title = Ups Apc Bx550ci-ar 550va 3 Tomas Garantía 2 Años Oferta
Category_ID = MLA1720
Category_name = UPS
****************************-
Item_ID = MLA811563126
Title = Ups Apc Srt6kxli 6000va Online Reemplazo Surt6000xli
Category_ID = MLA1720
Category_name = UPS
****************************-
Item_ID = MLA838046183
Title = Bateria Apc Externa Src96xlbp Smart-ups P/ Src2000/3000xli
Category_ID = MLA9566
Category_name = Baterías para UPS
****************************-
Item_ID = MLA837513201
Title = Ups Apc Online Smart Srt8kxli 230v Doble Conversión
Category_ID = MLA1720
Category_name = UPS
****************************-
Item_ID = MLA837513677
Title = Bateria Apc Srt192bp2 Smart Srt 192v 8kva 10kva Battery Pack
Category_ID = MLA9566
Category_name = Baterías para UPS
****************************-
Item_ID = MLA811562707
Title = Ups Apc Srt5kxli 5000va Online Reemplazo Surt5000xli
Category_ID = MLA1720
Category_name = UPS
****************************-
Item_ID = MLA609553916
Title = Ups Apc Smt2200r2i 2200v Estabilizador Reemp. Sua2200rmi2u
Category_ID = MLA1720
Category_name = UPS
****************************-
Item_ID = MLA617193217
Title = Bateria Apc Srt192bp2 Smart Srt 192v 8kva 10kva Battery Pack
Category_ID = MLA9566
Category_name = Baterías para UPS
****************************-
Item_ID = MLA837513571
Title = Ups Apc Smart Xl Srt2200xli 2200va 230v Online Oferta
Category_ID = MLA1720
Category_name = UPS
****************************-
Item_ID = MLA611163335
Title = Ups Apc Srt6kxli 6000va Online Reemplazo Surt6000xli
Category_ID = MLA1720
Category_name = UPS
****************************-
Item_ID = MLA728580260
Title = Ups Apc Smt2200i Ar 2200v 8 Tm Estabilizador Reem Sua2200i
Category_ID = MLA1720
Category_name = UPS
****************************-
Item_ID = MLA607202460
Title = Ups Apc Smt1500i Ar 1500v 6 Tm Estabilizador Reemp Sua1500i
Category_ID = MLA1720
Category_name = UPS
****************************-
Item_ID = MLA838058528
Title = Bateria Apc Srt72bp 72v Smart Para Ups Srt2200 2,2kva
Category_ID = MLA9566
Category_name = Baterías para UPS
****************************-
Item_ID = MLA856616747
Title = Ups Apc Srv2kil 2000va Extra Duración Doble Conversion
Category_ID = MLA1720
Category_name = UPS
****************************-
Item_ID = MLA795522277
Title = Bateria Apc Externa Surt48xlbp Smart- Ups P Surt1000/2000xli
Category_ID = MLA9566
Category_name = Baterías para UPS
****************************-
Item_ID = MLA836882040
Title = Ups Apc Srv1kil 1000va Extra Duración Doble Conversion
Category_ID = MLA1720
Category_name = UPS
****************************-
Item_ID = MLA604202761
Title = Ups Apc Online Smart Srt1okxli 230v 10000va Doble Conversión
Category_ID = MLA1720
Category_name = UPS
****************************-
Item_ID = MLA838060051
Title = Bateria Externa Ups Apc Smart X 48v External Smx48rmbp2u 
Category_ID = MLA9566
Category_name = Baterías para UPS
****************************-
Item_ID = MLA740545794
Title = Ups Apc Br550g-ar Back-ups Pro 550va 230 Estabilizador Br550
Category_ID = MLA1720
Category_name = UPS
****************************-
Item_ID = MLA728580791
Title = Ups Apc Smt2200r2i 2200v Estabilizador Reemp. Sua2200rmi2u
Category_ID = MLA1720
Category_name = UPS
****************************-
Item_ID = MLA858766436
Title = Ups Online Srv10kil Apc Tiempo Extendido De Operación 10kva
Category_ID = MLA1720
Category_name = UPS
****************************-
Item_ID = MLA837513381
Title = Ups Apc Smt1000i 1000v 6 Tm Estabilizador Smt1000
Category_ID = MLA1720
Category_name = UPS
****************************-
Item_ID = MLA671612107
Title = Ups Apc Smt1500i Ar 1500v 6 Tm Estabilizador Reemp Sua1500i
Category_ID = MLA1720
Category_name = UPS
****************************-
Item_ID = MLA837512191
Title = Ups Apc Srv1kil 1000va Extra Duración Doble Conversion
Category_ID = MLA1720
Category_name = UPS
****************************-
Item_ID = MLA604204500
Title = Ups Apc Online Smart Srt8kxli 230v Remplazo Surt8000xli Doble Conversión Ideal Para Servidores Y Laboratorios Médicos
Category_ID = MLA1720
Category_name = UPS
****************************-
Item_ID = MLA864665962
Title = Escaner Iris Desk Pro 5 Ideal Libros Documentos Usb
Category_ID = MLA72721
Category_name = Scanners
****************************-
Item_ID = MLA609118053
Title = Smart Ups Online Apc Srv6ki 6000va 6kvi 230v 2 Años Gtia
Category_ID = MLA1720
Category_name = UPS
****************************-
Item_ID = MLA837513235
Title = Ups Apc Smt1500r2i Ar 1500v Estabilizador Reem. Sua1500rmi2u
Category_ID = MLA1720
Category_name = UPS
****************************-
Item_ID = MLA605156090
Title = Bateria Apc Externa Surt48xlbp Smart- Ups P Surt1000/2000xli
Category_ID = MLA9566
Category_name = Baterías para UPS
****************************-
Item_ID = MLA696556577
Title = Ups Apc Smart Xl Srt2200xli 2200va 230v Online Oferta
Category_ID = MLA1720
Category_name = UPS
****************************-
Item_ID = MLA725907893
Title = Ups Apc Online Smart Srt1okxli 230v 10000va Doble Conversión
Category_ID = MLA1720
Category_name = UPS
****************************-
Item_ID = MLA633158971
Title = Ups Apc Smt1000r2i Ar 1000 Estabilizador Reemp. Sua1000rmi2u
Category_ID = MLA1720
Category_name = UPS
****************************-
Item_ID = MLA795523081
Title = Bateria Apc Srt192bp Smart Srt 192v 5kva 6kva Battery Pack
Category_ID = MLA9566
Category_name = Baterías para UPS
****************************-
Item_ID = MLA620000255
Title = Ups Apcback-ups Pro 550va 230v Estabilizador Y Protector De Tension Con Ahorro De Energia Gtia Oficial 2 Años
Category_ID = MLA1720
Category_name = UPS
****************************-
Item_ID = MLA838060552
Title = Bateria Apc Externa Src96xlbp Smart-ups P/ Src2000/3000xli
Category_ID = MLA1720
Category_name = UPS
****************************-
Item_ID = MLA670607406
Title = Scanner Iris Iriscan Book 5 De Mano 30ppm Usb 2.0 Ion-litio
Category_ID = MLA72721
Category_name = Scanners
****************************-
Item_ID = MLA723922209
Title = Scanner Portátil Iris Inalambrico Anywhere 5 Wifi Oferta
Category_ID = MLA72721
Category_name = Scanners
****************************-
Item_ID = MLA670603900
Title = Scanner Iris Iriscan Executive 4 Portatil 8ppm Doble Cara
Category_ID = MLA72721
Category_name = Scanners
****************************-
Item_ID = MLA880527545
Title = Scanner De Mano Iris Iriscan Book 5 Wifi Ion-litio 30ppm
Category_ID = MLA72721
Category_name = Scanners
****************************-
Item_ID = MLA677079403
Title = Impresora Laser Monocromática Lexmark B2338dw Wifi Blanco Y Negro Libreria Comercial Oficio A4
Category_ID = MLA1676
Category_name = Impresoras
****************************-
Item_ID = MLA670603978
Title = Iris Scan Book Executive 4 Duplex Oferta Portatil Mano
Category_ID = MLA72721
Category_name = Scanners
****************************-
Item_ID = MLA634471812
Title = Escaner Mouse Iris 2 Escáner Y El Ratón, Todo-en-uno!
Category_ID = MLA72721
Category_name = Scanners
****************************-
Item_ID = MLA683908213
Title = Impresora Laser Monocromática Lexmark B2546dw Reem Ms517 Ofe
Category_ID = MLA1676
Category_name = Impresoras
****************************-
Item_ID = MLA684022176
Title = Escaner Iriscan Mouse Wifi 2 En 1 Scanner + Mouse Wireless
Category_ID = MLA72721
Category_name = Scanners
****************************-
Item_ID = MLA639967459
Title = Impresora Multifuncion Láser Lexmark Mb2546adwe Duplex Mx517
Category_ID = MLA1676
Category_name = Impresoras
****************************-
Item_ID = MLA812074254
Title = Escaner Mouse Iris 2 Escáner Y El Ratón, Todo-en-uno!
Category_ID = MLA72721
Category_name = Scanners
****************************-
Item_ID = MLA859902955
Title = Impresora Multifuncion Láser Lexmark Mb2546adwe Rempl. Mx517
Category_ID = MLA1676
Category_name = Impresoras
****************************-
Item_ID = MLA897996800
Title = Notebook Dell Latitude 3510 15.6  I5 8gb 1tb  Ubuntu Oferta
Category_ID = MLA1652
Category_name = Notebooks
****************************-
Item_ID = MLA859904638
Title = Impresora Fotocopiadora Lexmark Multifuncion Cx725 Color
Category_ID = MLA1676
Category_name = Impresoras
****************************-
Item_ID = MLA859904796
Title = Impresora Lexmark Multifunción Mx912dxe A3 Duplex 65ppm
Category_ID = MLA1676
Category_name = Impresoras
****************************-
Item_ID = MLA897967279
Title = Notebook Dell Latitude 3510 15.6  I5 4gb 1tb  Ubuntu Oferta
Category_ID = MLA1652
Category_name = Notebooks
****************************-
Item_ID = MLA881143321
Title = Notebook Laptop Dell Vostro I5 16gb 1tb 14 Win Oferta
Category_ID = MLA1652
Category_name = Notebooks
****************************-
Item_ID = MLA897947521
Title = Notebook Dell Vostro I3 15.6 12gb 1tb + 240ssd Ubuntu Ñ
Category_ID = MLA1652
Category_name = Notebooks
****************************-
Item_ID = MLA881141893
Title = Notebook Laptop Dell Vostro I5 32gb 1tb 14 Win Oferta
Category_ID = MLA1652
Category_name = Notebooks
****************************-
Item_ID = MLA897996841
Title = Notebook Dell Latitude 3510 15.6 I5 24gb 1tb  Ubuntu Oferta
Category_ID = MLA1652
Category_name = Notebooks
****************************-
Item_ID = MLA897997934
Title = Notebook Dell Latitude 3510 15.6 I5 12gb 1tb  Ubuntu Oferta
Category_ID = MLA1652
Category_name = Notebooks
****************************-
Item_ID = MLA898091566
Title = Notebook Dell Latitude 3510 15.6  I5 16gb 1tb  Ubuntu Oferta
Category_ID = MLA1652
Category_name = Notebooks
****************************-
Item_ID = MLA885815837
Title = Notebook Dell Latitude I7 16gb 1tb 14  Windows 10 Pro
Category_ID = MLA1652
Category_name = Notebooks
****************************-
Item_ID = MLA885811785
Title = Notebook Dell Latitude I7 24gb 1tb 14  Windows 10 Pro
Category_ID = MLA1652
Category_name = Notebooks
****************************-
Item_ID = MLA763111712
Title = Switch 24p Cisco Sg350-28mp Poe+ 10/100/1000 Sg350-28mp-k9
Category_ID = MLA1708
Category_name = Switches
****************************-
Item_ID = MLA859903646
Title = Impresora Lexmark Multifunción Mx912dxe A3 Duplex 65ppm
Category_ID = MLA1676
Category_name = Impresoras
****************************-
Item_ID = MLA795521317
Title = Bateria Apc Externa Src96xlbp2s Smart-ups P/ Src2000/3000xli
Category_ID = MLA1720
Category_name = UPS
****************************-
Item_ID = MLA806876188
Title = Pdu Para Montaje Apc Basic Ap9565 16a 12c13
Category_ID = MLA9913
Category_name = Cables de Alimentación
****************************-
Item_ID = MLA671612416
Title = Ups Apc Smt1500r2i Ar 1500v Estabilizador Reem. Sua1500rmi2u
Category_ID = MLA1720
Category_name = UPS
****************************-
Item_ID = MLA838483830
Title = Notebook Dell Inspiron I5 256ssd 32gb 15.6 W10 Gforce Oferta
Category_ID = MLA1652
Category_name = Notebooks
****************************-
Item_ID = MLA838447147
Title = Notebook Dell Inspiron I5 256ssd 16gb 15.6 W10 Gforce Oferta
Category_ID = MLA1652
Category_name = Notebooks
****************************-
Item_ID = MLA838516931
Title = Notebook Dell Inspiron I5 256ssd + 1tb 16gb W10 Gfor Ram Cta
Category_ID = MLA1652
Category_name = Notebooks
****************************-
Item_ID = MLA898000004
Title = Notebook Dell Latitude 3510 15.6 I5 24gb 1tb  Ubuntu Oferta
Category_ID = MLA1652
Category_name = Notebooks
****************************-
Item_ID = MLA897999997
Title = Notebook Dell Latitude 3510 15.6 I5 20gb 1tb  Ubuntu Oferta
Category_ID = MLA1652
Category_name = Notebooks
****************************-
Item_ID = MLA838476077
Title = Notebook Dell Inspiron I5 256ssd 32gb 15.6 W10 Gforce Oferta
Category_ID = MLA1652
Category_name = Notebooks
****************************-
Item_ID = MLA877864501
Title = Notebook Dell Latitude I5 8gb 256gb Ssd Win10 Pro Cuotas
Category_ID = MLA1652
Category_name = Notebooks
****************************-
Item_ID = MLA859903298
Title = Impresora Fotocopiadora Lexmark Cx820de Laser Full Color
Category_ID = MLA1676
Category_name = Impresoras
****************************-
Item_ID = MLA884245030
Title = Notebook Dell G5 Ryzen 7 16gb 512ssd Rx5600 Win10
Category_ID = MLA1652
Category_name = Notebooks
****************************-
Item_ID = MLA859902887
Title = Impresora Fotocopiadora Lexmark Cx820de Laser Full Color
Category_ID = MLA1676
Category_name = Impresoras
****************************-
Item_ID = MLA859904239
Title = Impresora Fotocopiadora Lexmark Multifuncion Cx725 Color
Category_ID = MLA1676
Category_name = Impresoras
****************************-
Item_ID = MLA605810280
Title = Bateria Apc Externa Src96xlbp Smart-ups P/ Src2000/3000xli
Category_ID = MLA1720
Category_name = UPS
****************************-
